2019-05-10 17:04:39,283 Spider.py[line:45] INFO Spider: response_list is None
2019-05-10 17:04:39,285 Spider.py[line:45] INFO Spider: response_list is None
2019-05-10 17:04:39,287 Spider.py[line:45] INFO Spider: response_list is None
2019-05-10 17:04:39,288 Spider.py[line:45] INFO Spider: response_list is None
2019-05-10 17:04:42,291 Spider.py[line:45] INFO Spider: response_list is None
2019-05-10 17:04:42,291 Spider.py[line:45] INFO Spider: response_list is None
2019-05-10 17:04:42,292 Spider.py[line:45] INFO Spider: response_list is None
2019-05-10 17:04:42,292 Spider.py[line:45] INFO Spider: response_list is None
2019-05-10 17:04:45,307 Spider.py[line:45] INFO Spider: response_list is None
2019-05-10 17:04:45,307 Spider.py[line:45] INFO Spider: response_list is None
2019-05-10 17:04:45,307 Spider.py[line:45] INFO Spider: response_list is None
2019-05-10 17:04:45,307 Spider.py[line:45] INFO Spider: response_list is None
2019-05-10 17:04:48,361 Spider.py[line:45] INFO Spider: response_list is None
2019-05-10 17:04:48,378 Spider.py[line:45] INFO Spider: response_list is None
2019-05-10 17:04:48,378 Spider.py[line:45] INFO Spider: response_list is None
2019-05-10 17:04:48,383 Spider.py[line:45] INFO Spider: response_list is None
2019-05-10 17:04:51,377 Spider.py[line:45] INFO Spider: response_list is None
2019-05-10 17:04:51,379 Spider.py[line:45] INFO Spider: response_list is None
2019-05-10 17:04:51,380 Spider.py[line:45] INFO Spider: response_list is None
2019-05-10 17:04:51,408 Spider.py[line:45] INFO Spider: response_list is None
2019-05-10 17:04:54,378 Spider.py[line:45] INFO Spider: response_list is None
2019-05-10 17:04:54,380 Spider.py[line:45] INFO Spider: response_list is None
2019-05-10 17:04:54,380 Spider.py[line:45] INFO Spider: response_list is None
2019-05-10 17:04:54,421 Spider.py[line:45] INFO Spider: response_list is None
2019-05-10 17:04:57,385 Spider.py[line:45] INFO Spider: response_list is None
2019-05-10 17:04:57,385 Spider.py[line:45] INFO Spider: response_list is None
2019-05-10 17:04:57,390 Spider.py[line:45] INFO Spider: response_list is None
2019-05-10 17:04:57,506 Spider.py[line:45] INFO Spider: response_list is None
2019-05-10 17:05:00,391 Spider.py[line:45] INFO Spider: response_list is None
2019-05-10 17:05:00,411 Spider.py[line:45] INFO Spider: response_list is None
2019-05-10 17:05:00,431 Spider.py[line:45] INFO Spider: response_list is None
2019-05-10 17:05:00,507 Spider.py[line:45] INFO Spider: response_list is None
2019-05-10 17:05:03,409 Spider.py[line:45] INFO Spider: response_list is None
2019-05-10 17:05:03,413 Spider.py[line:45] INFO Spider: response_list is None
2019-05-10 17:05:03,432 Spider.py[line:45] INFO Spider: response_list is None
2019-05-10 17:05:03,509 Spider.py[line:45] INFO Spider: response_list is None
2019-05-10 17:05:06,411 Spider.py[line:45] INFO Spider: response_list is None
2019-05-10 17:05:06,415 Spider.py[line:45] INFO Spider: response_list is None
2019-05-10 17:05:06,432 Spider.py[line:45] INFO Spider: response_list is None
2019-05-10 17:05:06,510 Spider.py[line:45] INFO Spider: response_list is None
2019-05-10 17:05:09,708 Spider.py[line:45] INFO Spider: response_list is None
2019-05-10 17:05:09,725 Spider.py[line:45] INFO Spider: response_list is None
2019-05-10 17:05:09,789 Spider.py[line:45] INFO Spider: response_list is None
2019-05-10 17:05:09,725 Spider.py[line:45] INFO Spider: response_list is None
2019-05-10 17:05:12,790 Spider.py[line:45] INFO Spider: response_list is None
2019-05-10 17:05:12,791 Spider.py[line:45] INFO Spider: response_list is None
2019-05-10 17:05:12,791 Spider.py[line:45] INFO Spider: response_list is None
2019-05-10 17:05:12,791 Spider.py[line:45] INFO Spider: response_list is None
2019-05-10 17:05:15,791 Spider.py[line:38] INFO Spider: parse_list > 20
2019-05-10 17:05:15,792 Spider.py[line:38] INFO Spider: parse_list > 20
2019-05-10 17:05:15,792 Spider.py[line:38] INFO Spider: parse_list > 20
2019-05-10 17:05:15,792 Spider.py[line:38] INFO Spider: parse_list > 20
2019-05-10 17:05:18,792 Spider.py[line:38] INFO Spider: parse_list > 20
2019-05-10 17:05:18,793 Spider.py[line:38] INFO Spider: parse_list > 20
2019-05-10 17:05:18,793 Spider.py[line:38] INFO Spider: parse_list > 20
2019-05-10 17:05:18,793 Spider.py[line:45] INFO Spider: response_list is None
2019-05-10 17:05:21,793 Spider.py[line:38] INFO Spider: parse_list > 20
2019-05-10 17:05:21,794 Spider.py[line:45] INFO Spider: response_list is None
2019-05-10 17:05:21,794 Spider.py[line:45] INFO Spider: response_list is None
2019-05-10 17:05:21,795 Spider.py[line:45] INFO Spider: response_list is None
2019-05-10 17:05:24,794 Spider.py[line:38] INFO Spider: parse_list > 20
2019-05-10 17:05:24,796 Spider.py[line:38] INFO Spider: parse_list > 20
2019-05-10 17:05:24,796 Spider.py[line:38] INFO Spider: parse_list > 20
2019-05-10 17:05:24,797 Spider.py[line:38] INFO Spider: parse_list > 20
2019-05-10 17:05:27,795 Spider.py[line:38] INFO Spider: parse_list > 20
2019-05-10 17:05:27,798 Spider.py[line:38] INFO Spider: parse_list > 20
2019-05-10 17:05:27,798 Spider.py[line:38] INFO Spider: parse_list > 20
2019-05-10 17:05:27,798 Spider.py[line:45] INFO Spider: response_list is None
2019-05-10 17:05:30,796 Spider.py[line:45] INFO Spider: response_list is None
2019-05-10 17:05:30,800 Spider.py[line:45] INFO Spider: response_list is None
2019-05-10 17:05:30,800 Spider.py[line:45] INFO Spider: response_list is None
2019-05-10 17:05:30,800 Spider.py[line:45] INFO Spider: response_list is None
2019-05-10 17:05:33,797 Spider.py[line:38] INFO Spider: parse_list > 20
2019-05-10 17:05:33,801 Spider.py[line:38] INFO Spider: parse_list > 20
2019-05-10 17:05:33,801 Spider.py[line:38] INFO Spider: parse_list > 20
2019-05-10 17:05:33,802 Spider.py[line:38] INFO Spider: parse_list > 20
2019-05-10 17:05:36,799 Spider.py[line:38] INFO Spider: parse_list > 20
2019-05-10 17:05:36,803 Spider.py[line:38] INFO Spider: parse_list > 20
2019-05-10 17:05:36,803 Spider.py[line:38] INFO Spider: parse_list > 20
2019-05-10 17:05:36,804 Spider.py[line:45] INFO Spider: response_list is None
2019-05-10 17:05:39,800 Spider.py[line:38] INFO Spider: parse_list > 20
2019-05-10 17:05:39,804 Spider.py[line:38] INFO Spider: parse_list > 20
2019-05-10 17:05:39,804 Spider.py[line:45] INFO Spider: response_list is None
2019-05-10 17:05:39,805 Spider.py[line:45] INFO Spider: response_list is None
2019-05-10 17:05:42,801 Spider.py[line:38] INFO Spider: parse_list > 20
2019-05-10 17:05:42,805 Spider.py[line:45] INFO Spider: response_list is None
2019-05-10 17:05:42,806 Spider.py[line:45] INFO Spider: response_list is None
2019-05-10 17:05:42,806 Spider.py[line:45] INFO Spider: response_list is None
2019-05-10 17:05:45,813 Spider.py[line:38] INFO Spider: parse_list > 20
2019-05-10 17:05:45,823 Spider.py[line:45] INFO Spider: response_list is None
2019-05-10 17:05:45,823 Spider.py[line:45] INFO Spider: response_list is None
2019-05-10 17:05:45,823 Spider.py[line:45] INFO Spider: response_list is None
2019-05-10 17:05:48,819 Spider.py[line:38] INFO Spider: parse_list > 20
2019-05-10 17:05:48,825 Spider.py[line:38] INFO Spider: parse_list > 20
2019-05-10 17:05:48,831 Spider.py[line:38] INFO Spider: parse_list > 20
2019-05-10 17:05:48,849 Spider.py[line:38] INFO Spider: parse_list > 20
2019-05-10 17:05:51,820 Spider.py[line:38] INFO Spider: parse_list > 20
2019-05-10 17:05:51,825 Spider.py[line:38] INFO Spider: parse_list > 20
2019-05-10 17:05:51,831 Spider.py[line:45] INFO Spider: response_list is None
2019-05-10 17:05:51,850 Spider.py[line:45] INFO Spider: response_list is None
2019-05-10 17:05:54,822 Spider.py[line:38] INFO Spider: parse_list > 20
2019-05-10 17:05:54,827 Spider.py[line:45] INFO Spider: response_list is None
2019-05-10 17:05:54,833 Spider.py[line:45] INFO Spider: response_list is None
2019-05-10 17:05:54,851 Spider.py[line:45] INFO Spider: response_list is None
2019-05-10 17:05:57,823 Spider.py[line:38] INFO Spider: parse_list > 20
2019-05-10 17:05:57,828 Spider.py[line:38] INFO Spider: parse_list > 20
2019-05-10 17:05:57,834 Spider.py[line:38] INFO Spider: parse_list > 20
2019-05-10 17:05:57,852 Spider.py[line:38] INFO Spider: parse_list > 20
2019-05-10 17:06:00,825 Spider.py[line:38] INFO Spider: parse_list > 20
2019-05-10 17:06:00,829 Spider.py[line:38] INFO Spider: parse_list > 20
2019-05-10 17:06:00,835 Spider.py[line:38] INFO Spider: parse_list > 20
2019-05-10 17:06:00,854 Spider.py[line:45] INFO Spider: response_list is None
2019-05-10 17:06:03,832 Spider.py[line:45] INFO Spider: response_list is None
2019-05-10 17:06:03,854 Spider.py[line:45] INFO Spider: response_list is None
2019-05-10 17:06:03,890 Spider.py[line:45] INFO Spider: response_list is None
2019-05-10 17:06:03,890 Spider.py[line:45] INFO Spider: response_list is None
2019-05-10 17:06:06,843 Spider.py[line:38] INFO Spider: parse_list > 20
2019-05-10 17:06:06,878 Spider.py[line:38] INFO Spider: parse_list > 20
2019-05-10 17:06:06,915 Spider.py[line:38] INFO Spider: parse_list > 20
2019-05-10 17:06:06,940 Spider.py[line:38] INFO Spider: parse_list > 20
2019-05-10 17:06:09,844 Spider.py[line:38] INFO Spider: parse_list > 20
2019-05-10 17:06:09,880 Spider.py[line:38] INFO Spider: parse_list > 20
2019-05-10 17:06:09,917 Spider.py[line:38] INFO Spider: parse_list > 20
2019-05-10 17:06:09,942 Spider.py[line:38] INFO Spider: parse_list > 20
2019-05-10 17:06:12,846 Spider.py[line:38] INFO Spider: parse_list > 20
2019-05-10 17:06:12,881 Spider.py[line:38] INFO Spider: parse_list > 20
2019-05-10 17:06:12,918 Spider.py[line:45] INFO Spider: response_list is None
2019-05-10 17:06:12,943 Spider.py[line:45] INFO Spider: response_list is None
2019-05-10 17:06:15,847 Spider.py[line:38] INFO Spider: parse_list > 20
2019-05-10 17:06:15,881 Spider.py[line:45] INFO Spider: response_list is None
2019-05-10 17:06:15,919 Spider.py[line:45] INFO Spider: response_list is None
2019-05-10 17:06:15,943 Spider.py[line:45] INFO Spider: response_list is None
2019-05-10 17:06:18,849 Spider.py[line:45] INFO Spider: response_list is None
2019-05-10 17:06:18,883 Spider.py[line:45] INFO Spider: response_list is None
2019-05-10 17:06:18,920 Spider.py[line:45] INFO Spider: response_list is None
2019-05-10 17:06:18,945 Spider.py[line:45] INFO Spider: response_list is None
2019-05-10 17:06:21,859 Spider.py[line:38] INFO Spider: parse_list > 20
2019-05-10 17:06:21,901 Spider.py[line:38] INFO Spider: parse_list > 20
2019-05-10 17:06:21,928 Spider.py[line:38] INFO Spider: parse_list > 20
2019-05-10 17:06:21,980 Spider.py[line:38] INFO Spider: parse_list > 20
2019-05-10 17:06:24,865 Spider.py[line:38] INFO Spider: parse_list > 20
2019-05-10 17:06:24,902 Spider.py[line:38] INFO Spider: parse_list > 20
2019-05-10 17:06:24,946 Spider.py[line:38] INFO Spider: parse_list > 20
2019-05-10 17:06:25,011 Spider.py[line:45] INFO Spider: response_list is None
2019-05-10 17:06:27,866 Spider.py[line:38] INFO Spider: parse_list > 20
2019-05-10 17:06:27,903 Spider.py[line:45] INFO Spider: response_list is None
2019-05-10 17:06:27,948 Spider.py[line:45] INFO Spider: response_list is None
2019-05-10 17:06:28,013 Spider.py[line:45] INFO Spider: response_list is None
2019-05-10 17:06:30,868 Spider.py[line:38] INFO Spider: parse_list > 20
2019-05-10 17:06:30,904 Spider.py[line:38] INFO Spider: parse_list > 20
2019-05-10 17:06:30,949 Spider.py[line:38] INFO Spider: parse_list > 20
2019-05-10 17:06:31,013 Spider.py[line:38] INFO Spider: parse_list > 20
2019-05-10 17:06:33,914 Spider.py[line:45] INFO Spider: response_list is None
2019-05-10 17:06:33,936 Spider.py[line:45] INFO Spider: response_list is None
2019-05-10 17:06:33,953 Spider.py[line:45] INFO Spider: response_list is None
2019-05-10 17:06:34,014 Spider.py[line:45] INFO Spider: response_list is None
2019-05-10 17:06:36,925 Spider.py[line:38] INFO Spider: parse_list > 20
2019-05-10 17:06:36,947 Spider.py[line:38] INFO Spider: parse_list > 20
2019-05-10 17:06:36,972 Spider.py[line:38] INFO Spider: parse_list > 20
2019-05-10 17:06:37,032 Spider.py[line:38] INFO Spider: parse_list > 20
2019-05-10 17:06:39,926 Spider.py[line:38] INFO Spider: parse_list > 20
2019-05-10 17:06:39,949 Spider.py[line:38] INFO Spider: parse_list > 20
2019-05-10 17:06:39,985 Spider.py[line:38] INFO Spider: parse_list > 20
2019-05-10 17:06:40,044 Spider.py[line:45] INFO Spider: response_list is None
2019-05-10 17:06:42,956 Spider.py[line:45] INFO Spider: response_list is None
2019-05-10 17:06:43,009 Spider.py[line:45] INFO Spider: response_list is None
2019-05-10 17:06:43,021 Spider.py[line:45] INFO Spider: response_list is None
2019-05-10 17:06:43,069 Spider.py[line:45] INFO Spider: response_list is None
2019-05-10 17:06:45,985 Spider.py[line:38] INFO Spider: parse_list > 20
2019-05-10 17:06:46,034 Spider.py[line:38] INFO Spider: parse_list > 20
2019-05-10 17:06:46,059 Spider.py[line:38] INFO Spider: parse_list > 20
2019-05-10 17:06:46,081 Spider.py[line:38] INFO Spider: parse_list > 20
2019-05-10 17:06:48,986 Spider.py[line:38] INFO Spider: parse_list > 20
2019-05-10 17:06:49,035 Spider.py[line:38] INFO Spider: parse_list > 20
2019-05-10 17:06:49,060 Spider.py[line:38] INFO Spider: parse_list > 20
2019-05-10 17:06:49,083 Spider.py[line:38] INFO Spider: parse_list > 20
2019-05-10 17:06:51,987 Spider.py[line:38] INFO Spider: parse_list > 20
2019-05-10 17:06:52,036 Spider.py[line:38] INFO Spider: parse_list > 20
2019-05-10 17:06:52,061 Spider.py[line:38] INFO Spider: parse_list > 20
2019-05-10 17:06:52,083 Spider.py[line:45] INFO Spider: response_list is None
2019-05-10 17:06:54,989 Spider.py[line:38] INFO Spider: parse_list > 20
2019-05-10 17:06:55,037 Spider.py[line:38] INFO Spider: parse_list > 20
2019-05-10 17:06:55,063 Spider.py[line:38] INFO Spider: parse_list > 20
2019-05-10 17:06:55,085 Spider.py[line:38] INFO Spider: parse_list > 20
2019-05-10 17:06:57,990 Spider.py[line:38] INFO Spider: parse_list > 20
2019-05-10 17:06:58,038 Spider.py[line:38] INFO Spider: parse_list > 20
2019-05-10 17:06:58,064 Spider.py[line:38] INFO Spider: parse_list > 20
2019-05-10 17:06:58,086 Spider.py[line:38] INFO Spider: parse_list > 20
2019-05-10 17:07:00,992 Spider.py[line:38] INFO Spider: parse_list > 20
2019-05-10 17:07:01,039 Spider.py[line:38] INFO Spider: parse_list > 20
2019-05-10 17:07:01,066 Spider.py[line:38] INFO Spider: parse_list > 20
2019-05-10 17:07:01,087 Spider.py[line:38] INFO Spider: parse_list > 20
2019-05-10 17:07:03,993 Spider.py[line:38] INFO Spider: parse_list > 20
2019-05-10 17:07:04,040 Spider.py[line:38] INFO Spider: parse_list > 20
2019-05-10 17:07:04,068 Spider.py[line:38] INFO Spider: parse_list > 20
2019-05-10 17:07:04,089 Spider.py[line:38] INFO Spider: parse_list > 20
2019-05-10 17:07:06,996 Spider.py[line:38] INFO Spider: parse_list > 20
2019-05-10 17:07:07,041 Spider.py[line:38] INFO Spider: parse_list > 20
2019-05-10 17:07:07,069 Spider.py[line:38] INFO Spider: parse_list > 20
2019-05-10 17:07:07,089 Spider.py[line:38] INFO Spider: parse_list > 20
2019-05-10 17:07:09,998 Spider.py[line:38] INFO Spider: parse_list > 20
2019-05-10 17:07:10,042 Spider.py[line:38] INFO Spider: parse_list > 20
2019-05-10 17:07:10,071 Spider.py[line:38] INFO Spider: parse_list > 20
2019-05-10 17:07:10,091 Spider.py[line:38] INFO Spider: parse_list > 20
2019-05-10 17:07:12,999 Spider.py[line:38] INFO Spider: parse_list > 20
2019-05-10 17:07:13,043 Spider.py[line:38] INFO Spider: parse_list > 20
2019-05-10 17:07:13,073 Spider.py[line:38] INFO Spider: parse_list > 20
2019-05-10 17:07:13,091 Spider.py[line:38] INFO Spider: parse_list > 20
2019-05-10 17:07:16,000 Spider.py[line:38] INFO Spider: parse_list > 20
2019-05-10 17:07:16,044 Spider.py[line:38] INFO Spider: parse_list > 20
2019-05-10 17:07:16,074 Spider.py[line:38] INFO Spider: parse_list > 20
2019-05-10 17:07:16,092 Spider.py[line:38] INFO Spider: parse_list > 20
2019-05-10 17:07:19,002 Spider.py[line:38] INFO Spider: parse_list > 20
2019-05-10 17:07:19,047 Spider.py[line:38] INFO Spider: parse_list > 20
2019-05-10 17:07:19,075 Spider.py[line:38] INFO Spider: parse_list > 20
2019-05-10 17:07:19,094 Spider.py[line:38] INFO Spider: parse_list > 20
2019-05-10 17:07:22,004 Spider.py[line:38] INFO Spider: parse_list > 20
2019-05-10 17:07:22,048 Spider.py[line:38] INFO Spider: parse_list > 20
2019-05-10 17:07:22,076 Spider.py[line:38] INFO Spider: parse_list > 20
2019-05-10 17:07:22,095 Spider.py[line:45] INFO Spider: response_list is None
2019-05-10 17:07:25,006 Spider.py[line:45] INFO Spider: response_list is None
2019-05-10 17:07:25,049 Spider.py[line:45] INFO Spider: response_list is None
2019-05-10 17:07:25,077 Spider.py[line:45] INFO Spider: response_list is None
2019-05-10 17:07:25,096 Spider.py[line:45] INFO Spider: response_list is None
2019-05-10 17:07:28,007 Spider.py[line:38] INFO Spider: parse_list > 20
2019-05-10 17:07:28,050 Spider.py[line:38] INFO Spider: parse_list > 20
2019-05-10 17:07:28,078 Spider.py[line:38] INFO Spider: parse_list > 20
2019-05-10 17:07:28,097 Spider.py[line:38] INFO Spider: parse_list > 20
2019-05-10 17:07:31,008 Spider.py[line:38] INFO Spider: parse_list > 20
2019-05-10 17:07:31,052 Spider.py[line:38] INFO Spider: parse_list > 20
2019-05-10 17:07:31,079 Spider.py[line:38] INFO Spider: parse_list > 20
2019-05-10 17:07:31,099 Spider.py[line:38] INFO Spider: parse_list > 20
2019-05-10 17:07:34,009 Spider.py[line:38] INFO Spider: parse_list > 20
2019-05-10 17:07:34,053 Spider.py[line:38] INFO Spider: parse_list > 20
2019-05-10 17:07:34,079 Spider.py[line:38] INFO Spider: parse_list > 20
2019-05-10 17:07:34,100 Spider.py[line:38] INFO Spider: parse_list > 20
2019-05-10 17:07:37,011 Spider.py[line:38] INFO Spider: parse_list > 20
2019-05-10 17:07:37,054 Spider.py[line:38] INFO Spider: parse_list > 20
2019-05-10 17:07:37,081 Spider.py[line:38] INFO Spider: parse_list > 20
2019-05-10 17:07:37,101 Spider.py[line:38] INFO Spider: parse_list > 20
2019-05-10 17:07:40,012 Spider.py[line:38] INFO Spider: parse_list > 20
2019-05-10 17:07:40,056 Spider.py[line:38] INFO Spider: parse_list > 20
2019-05-10 17:07:40,082 Spider.py[line:38] INFO Spider: parse_list > 20
2019-05-10 17:07:40,102 Spider.py[line:45] INFO Spider: response_list is None
2019-05-10 17:07:43,013 Spider.py[line:38] INFO Spider: parse_list > 20
2019-05-10 17:07:43,057 Spider.py[line:38] INFO Spider: parse_list > 20
2019-05-10 17:07:43,083 Spider.py[line:38] INFO Spider: parse_list > 20
2019-05-10 17:07:43,103 Spider.py[line:38] INFO Spider: parse_list > 20
2019-05-10 17:07:46,015 Spider.py[line:38] INFO Spider: parse_list > 20
2019-05-10 17:07:46,059 Spider.py[line:38] INFO Spider: parse_list > 20
2019-05-10 17:07:46,085 Spider.py[line:38] INFO Spider: parse_list > 20
2019-05-10 17:07:46,105 Spider.py[line:38] INFO Spider: parse_list > 20
2019-05-10 17:07:49,016 Spider.py[line:38] INFO Spider: parse_list > 20
2019-05-10 17:07:49,060 Spider.py[line:38] INFO Spider: parse_list > 20
2019-05-10 17:07:49,086 Spider.py[line:38] INFO Spider: parse_list > 20
2019-05-10 17:07:49,110 Spider.py[line:38] INFO Spider: parse_list > 20
2019-05-10 17:07:52,017 Spider.py[line:38] INFO Spider: parse_list > 20
2019-05-10 17:07:52,061 Spider.py[line:38] INFO Spider: parse_list > 20
2019-05-10 17:07:52,087 Spider.py[line:38] INFO Spider: parse_list > 20
2019-05-10 17:07:52,111 Spider.py[line:38] INFO Spider: parse_list > 20
2019-05-10 17:07:55,018 Spider.py[line:38] INFO Spider: parse_list > 20
2019-05-10 17:07:55,068 Spider.py[line:38] INFO Spider: parse_list > 20
2019-05-10 17:07:55,088 Spider.py[line:38] INFO Spider: parse_list > 20
2019-05-10 17:07:55,112 Spider.py[line:38] INFO Spider: parse_list > 20
2019-05-10 17:07:58,020 Spider.py[line:38] INFO Spider: parse_list > 20
2019-05-10 17:07:58,069 Spider.py[line:38] INFO Spider: parse_list > 20
2019-05-10 17:07:58,089 Spider.py[line:38] INFO Spider: parse_list > 20
2019-05-10 17:07:58,114 Spider.py[line:38] INFO Spider: parse_list > 20
2019-05-10 17:08:01,021 Spider.py[line:38] INFO Spider: parse_list > 20
2019-05-10 17:08:01,070 Spider.py[line:38] INFO Spider: parse_list > 20
2019-05-10 17:08:01,090 Spider.py[line:38] INFO Spider: parse_list > 20
2019-05-10 17:08:01,114 Spider.py[line:38] INFO Spider: parse_list > 20
2019-05-10 17:08:04,022 Spider.py[line:38] INFO Spider: parse_list > 20
2019-05-10 17:08:04,071 Spider.py[line:38] INFO Spider: parse_list > 20
2019-05-10 17:08:04,094 Spider.py[line:38] INFO Spider: parse_list > 20
2019-05-10 17:08:04,115 Spider.py[line:38] INFO Spider: parse_list > 20
2019-05-10 17:08:07,023 Spider.py[line:38] INFO Spider: parse_list > 20
2019-05-10 17:08:07,073 Spider.py[line:38] INFO Spider: parse_list > 20
2019-05-10 17:08:07,099 Spider.py[line:38] INFO Spider: parse_list > 20
2019-05-10 17:08:07,122 Spider.py[line:38] INFO Spider: parse_list > 20
2019-05-10 17:08:10,025 Spider.py[line:38] INFO Spider: parse_list > 20
2019-05-10 17:08:10,075 Spider.py[line:38] INFO Spider: parse_list > 20
2019-05-10 17:08:10,101 Spider.py[line:38] INFO Spider: parse_list > 20
2019-05-10 17:08:10,125 Spider.py[line:38] INFO Spider: parse_list > 20
2019-05-10 17:08:13,026 Spider.py[line:38] INFO Spider: parse_list > 20
2019-05-10 17:08:13,076 Spider.py[line:38] INFO Spider: parse_list > 20
2019-05-10 17:08:13,102 Spider.py[line:38] INFO Spider: parse_list > 20
2019-05-10 17:08:13,127 Spider.py[line:38] INFO Spider: parse_list > 20
2019-05-10 17:08:16,026 Spider.py[line:38] INFO Spider: parse_list > 20
2019-05-10 17:08:16,077 Spider.py[line:38] INFO Spider: parse_list > 20
2019-05-10 17:08:16,102 Spider.py[line:38] INFO Spider: parse_list > 20
2019-05-10 17:08:16,129 Spider.py[line:38] INFO Spider: parse_list > 20
2019-05-10 17:08:19,027 Spider.py[line:38] INFO Spider: parse_list > 20
2019-05-10 17:08:19,078 Spider.py[line:38] INFO Spider: parse_list > 20
2019-05-10 17:08:19,103 Spider.py[line:38] INFO Spider: parse_list > 20
2019-05-10 17:08:19,129 Spider.py[line:38] INFO Spider: parse_list > 20
2019-05-10 17:08:22,029 Spider.py[line:45] INFO Spider: response_list is None
2019-05-10 17:08:22,083 Spider.py[line:45] INFO Spider: response_list is None
2019-05-10 17:08:22,108 Spider.py[line:45] INFO Spider: response_list is None
2019-05-10 17:08:22,130 Spider.py[line:45] INFO Spider: response_list is None
2019-05-10 17:08:25,032 Spider.py[line:45] INFO Spider: response_list is None
2019-05-10 17:08:25,084 Spider.py[line:45] INFO Spider: response_list is None
2019-05-10 17:08:25,110 Spider.py[line:45] INFO Spider: response_list is None
2019-05-10 17:08:25,135 Spider.py[line:45] INFO Spider: response_list is None
2019-05-10 17:08:28,038 Spider.py[line:45] INFO Spider: response_list is None
2019-05-10 17:08:28,085 Spider.py[line:45] INFO Spider: response_list is None
2019-05-10 17:08:28,111 Spider.py[line:45] INFO Spider: response_list is None
2019-05-10 17:08:28,139 Spider.py[line:45] INFO Spider: response_list is None
2019-05-10 17:08:31,039 Spider.py[line:45] INFO Spider: response_list is None
2019-05-10 17:08:31,087 Spider.py[line:45] INFO Spider: response_list is None
2019-05-10 17:08:31,112 Spider.py[line:45] INFO Spider: response_list is None
2019-05-10 17:08:31,140 Spider.py[line:45] INFO Spider: response_list is None
2019-05-10 17:08:34,040 Spider.py[line:45] INFO Spider: response_list is None
2019-05-10 17:08:34,088 Spider.py[line:45] INFO Spider: response_list is None
2019-05-10 17:08:34,113 Spider.py[line:45] INFO Spider: response_list is None
2019-05-10 17:08:34,141 Spider.py[line:45] INFO Spider: response_list is None
2019-05-10 17:08:37,044 Spider.py[line:45] INFO Spider: response_list is None
2019-05-10 17:08:37,089 Spider.py[line:45] INFO Spider: response_list is None
2019-05-10 17:08:37,114 Spider.py[line:45] INFO Spider: response_list is None
2019-05-10 17:08:37,142 Spider.py[line:45] INFO Spider: response_list is None
2019-05-10 17:08:40,044 Spider.py[line:45] INFO Spider: response_list is None
2019-05-10 17:08:40,090 Spider.py[line:45] INFO Spider: response_list is None
2019-05-10 17:08:40,116 Spider.py[line:45] INFO Spider: response_list is None
2019-05-10 17:08:40,143 Spider.py[line:45] INFO Spider: response_list is None
2019-05-10 17:08:43,046 Spider.py[line:45] INFO Spider: response_list is None
2019-05-10 17:08:43,092 Spider.py[line:45] INFO Spider: response_list is None
2019-05-10 17:08:43,118 Spider.py[line:45] INFO Spider: response_list is None
2019-05-10 17:08:43,145 Spider.py[line:45] INFO Spider: response_list is None
2019-05-10 17:08:46,047 Spider.py[line:45] INFO Spider: response_list is None
2019-05-10 17:08:46,093 Spider.py[line:45] INFO Spider: response_list is None
2019-05-10 17:08:46,119 Spider.py[line:45] INFO Spider: response_list is None
2019-05-10 17:08:46,146 Spider.py[line:45] INFO Spider: response_list is None
2019-05-10 17:08:49,048 Spider.py[line:45] INFO Spider: response_list is None
2019-05-10 17:08:49,094 Spider.py[line:45] INFO Spider: response_list is None
2019-05-10 17:08:49,120 Spider.py[line:45] INFO Spider: response_list is None
2019-05-10 17:08:49,147 Spider.py[line:45] INFO Spider: response_list is None
2019-05-10 17:08:52,054 Spider.py[line:45] INFO Spider: response_list is None
2019-05-10 17:08:52,097 Spider.py[line:45] INFO Spider: response_list is None
2019-05-10 17:08:52,123 Spider.py[line:45] INFO Spider: response_list is None
2019-05-10 17:08:52,149 Spider.py[line:45] INFO Spider: response_list is None
2019-05-10 17:08:55,055 Spider.py[line:45] INFO Spider: response_list is None
2019-05-10 17:08:55,099 Spider.py[line:45] INFO Spider: response_list is None
2019-05-10 17:08:55,125 Spider.py[line:45] INFO Spider: response_list is None
2019-05-10 17:08:55,180 Spider.py[line:45] INFO Spider: response_list is None
2019-05-10 17:08:58,056 Spider.py[line:45] INFO Spider: response_list is None
2019-05-10 17:08:58,100 Spider.py[line:45] INFO Spider: response_list is None
2019-05-10 17:08:58,126 Spider.py[line:45] INFO Spider: response_list is None
2019-05-10 17:08:58,181 Spider.py[line:45] INFO Spider: response_list is None
2019-05-10 17:09:01,056 Spider.py[line:45] INFO Spider: response_list is None
2019-05-10 17:09:01,100 Spider.py[line:45] INFO Spider: response_list is None
2019-05-10 17:09:01,129 Spider.py[line:45] INFO Spider: response_list is None
2019-05-10 17:09:01,186 Spider.py[line:45] INFO Spider: response_list is None
2019-05-10 17:09:04,057 Spider.py[line:45] INFO Spider: response_list is None
2019-05-10 17:09:04,103 Spider.py[line:45] INFO Spider: response_list is None
2019-05-10 17:09:04,133 Spider.py[line:45] INFO Spider: response_list is None
2019-05-10 17:09:04,188 Spider.py[line:45] INFO Spider: response_list is None
2019-05-10 17:09:05,781 Spider.py[line:73] INFO fail to get response
2019-05-10 17:09:05,781 Spider.py[line:74] INFO {'ok': 0, 'msg': '这里还没有内容', 'data': {'cards': []}}
2019-05-10 17:09:07,058 Spider.py[line:45] INFO Spider: response_list is None
2019-05-10 17:09:07,106 Spider.py[line:45] INFO Spider: response_list is None
2019-05-10 17:09:07,144 Spider.py[line:45] INFO Spider: response_list is None
2019-05-10 17:09:07,192 Spider.py[line:45] INFO Spider: response_list is None
2019-05-10 17:09:10,060 Spider.py[line:45] INFO Spider: response_list is None
2019-05-10 17:09:10,107 Spider.py[line:45] INFO Spider: response_list is None
2019-05-10 17:09:10,174 Spider.py[line:45] INFO Spider: response_list is None
2019-05-10 17:09:10,211 Spider.py[line:45] INFO Spider: response_list is None
2019-05-10 17:09:13,062 Spider.py[line:45] INFO Spider: response_list is None
2019-05-10 17:09:13,109 Spider.py[line:45] INFO Spider: response_list is None
2019-05-10 17:09:13,181 Spider.py[line:45] INFO Spider: response_list is None
2019-05-10 17:09:13,212 Spider.py[line:45] INFO Spider: response_list is None
2019-05-10 17:09:16,081 Spider.py[line:45] INFO Spider: response_list is None
2019-05-10 17:09:16,123 Spider.py[line:45] INFO Spider: response_list is None
2019-05-10 17:09:16,209 Spider.py[line:45] INFO Spider: response_list is None
2019-05-10 17:09:16,226 Spider.py[line:45] INFO Spider: response_list is None
2019-05-10 17:09:19,083 Spider.py[line:45] INFO Spider: response_list is None
2019-05-10 17:09:19,124 Spider.py[line:45] INFO Spider: response_list is None
2019-05-10 17:09:19,215 Spider.py[line:45] INFO Spider: response_list is None
2019-05-10 17:09:19,228 Spider.py[line:45] INFO Spider: response_list is None
2019-05-10 17:09:22,084 Spider.py[line:45] INFO Spider: response_list is None
2019-05-10 17:09:22,125 Spider.py[line:45] INFO Spider: response_list is None
2019-05-10 17:09:22,217 Spider.py[line:45] INFO Spider: response_list is None
2019-05-10 17:09:22,230 Spider.py[line:45] INFO Spider: response_list is None
2019-05-10 17:09:25,085 Spider.py[line:45] INFO Spider: response_list is None
2019-05-10 17:09:25,126 Spider.py[line:45] INFO Spider: response_list is None
2019-05-10 17:09:25,218 Spider.py[line:45] INFO Spider: response_list is None
2019-05-10 17:09:25,231 Spider.py[line:45] INFO Spider: response_list is None
2019-05-10 17:09:28,117 Spider.py[line:45] INFO Spider: response_list is None
2019-05-10 17:09:28,147 Spider.py[line:45] INFO Spider: response_list is None
2019-05-10 17:09:28,221 Spider.py[line:45] INFO Spider: response_list is None
2019-05-10 17:09:28,232 Spider.py[line:45] INFO Spider: response_list is None
2019-05-10 17:09:31,118 Spider.py[line:45] INFO Spider: response_list is None
2019-05-10 17:09:31,148 Spider.py[line:45] INFO Spider: response_list is None
2019-05-10 17:09:31,227 Spider.py[line:45] INFO Spider: response_list is None
2019-05-10 17:09:31,234 Spider.py[line:45] INFO Spider: response_list is None
2019-05-10 17:09:34,119 Spider.py[line:45] INFO Spider: response_list is None
2019-05-10 17:09:34,149 Spider.py[line:45] INFO Spider: response_list is None
2019-05-10 17:09:34,228 Spider.py[line:45] INFO Spider: response_list is None
2019-05-10 17:09:34,235 Spider.py[line:45] INFO Spider: response_list is None
2019-05-10 17:09:37,120 Spider.py[line:45] INFO Spider: response_list is None
2019-05-10 17:09:37,152 Spider.py[line:45] INFO Spider: response_list is None
2019-05-10 17:09:37,229 Spider.py[line:45] INFO Spider: response_list is None
2019-05-10 17:09:37,236 Spider.py[line:45] INFO Spider: response_list is None
2019-05-10 17:09:40,123 Spider.py[line:45] INFO Spider: response_list is None
2019-05-10 17:09:40,154 Spider.py[line:45] INFO Spider: response_list is None
2019-05-10 17:09:40,230 Spider.py[line:45] INFO Spider: response_list is None
2019-05-10 17:09:40,237 Spider.py[line:45] INFO Spider: response_list is None
2019-05-10 17:09:43,127 Spider.py[line:45] INFO Spider: response_list is None
2019-05-10 17:09:43,155 Spider.py[line:45] INFO Spider: response_list is None
2019-05-10 17:09:43,231 Spider.py[line:45] INFO Spider: response_list is None
2019-05-10 17:09:43,238 Spider.py[line:45] INFO Spider: response_list is None
2019-05-10 17:09:46,130 Spider.py[line:45] INFO Spider: response_list is None
2019-05-10 17:09:46,156 Spider.py[line:45] INFO Spider: response_list is None
2019-05-10 17:09:46,232 Spider.py[line:45] INFO Spider: response_list is None
2019-05-10 17:09:46,239 Spider.py[line:45] INFO Spider: response_list is None
2019-05-10 17:09:49,131 Spider.py[line:45] INFO Spider: response_list is None
2019-05-10 17:09:49,157 Spider.py[line:45] INFO Spider: response_list is None
2019-05-10 17:09:49,234 Spider.py[line:45] INFO Spider: response_list is None
2019-05-10 17:09:49,241 Spider.py[line:45] INFO Spider: response_list is None
2019-05-10 17:09:52,133 Spider.py[line:45] INFO Spider: response_list is None
2019-05-10 17:09:52,158 Spider.py[line:45] INFO Spider: response_list is None
2019-05-10 17:09:52,235 Spider.py[line:45] INFO Spider: response_list is None
2019-05-10 17:09:52,242 Spider.py[line:45] INFO Spider: response_list is None
2019-05-10 17:09:55,133 Spider.py[line:45] INFO Spider: response_list is None
2019-05-10 17:09:55,159 Spider.py[line:45] INFO Spider: response_list is None
2019-05-10 17:09:55,236 Spider.py[line:45] INFO Spider: response_list is None
2019-05-10 17:09:55,242 Spider.py[line:45] INFO Spider: response_list is None
2019-05-10 17:09:58,134 Spider.py[line:45] INFO Spider: response_list is None
2019-05-10 17:09:58,163 Spider.py[line:45] INFO Spider: response_list is None
2019-05-10 17:09:58,237 Spider.py[line:45] INFO Spider: response_list is None
2019-05-10 17:09:58,243 Spider.py[line:45] INFO Spider: response_list is None
2019-05-10 17:10:01,136 Spider.py[line:45] INFO Spider: response_list is None
2019-05-10 17:10:01,165 Spider.py[line:45] INFO Spider: response_list is None
2019-05-10 17:10:01,238 Spider.py[line:45] INFO Spider: response_list is None
2019-05-10 17:10:01,245 Spider.py[line:45] INFO Spider: response_list is None
2019-05-10 17:10:04,136 Spider.py[line:45] INFO Spider: response_list is None
2019-05-10 17:10:04,166 Spider.py[line:45] INFO Spider: response_list is None
2019-05-10 17:10:04,239 Spider.py[line:45] INFO Spider: response_list is None
2019-05-10 17:10:04,245 Spider.py[line:45] INFO Spider: response_list is None
2019-05-10 17:10:07,137 Spider.py[line:45] INFO Spider: response_list is None
2019-05-10 17:10:07,166 Spider.py[line:45] INFO Spider: response_list is None
2019-05-10 17:10:07,240 Spider.py[line:45] INFO Spider: response_list is None
2019-05-10 17:10:07,247 Spider.py[line:45] INFO Spider: response_list is None
2019-05-10 17:10:10,138 Spider.py[line:45] INFO Spider: response_list is None
2019-05-10 17:10:10,180 Spider.py[line:45] INFO Spider: response_list is None
2019-05-10 17:10:10,241 Spider.py[line:45] INFO Spider: response_list is None
2019-05-10 17:10:10,248 Spider.py[line:45] INFO Spider: response_list is None
2019-05-10 17:10:13,139 Spider.py[line:45] INFO Spider: response_list is None
2019-05-10 17:10:13,181 Spider.py[line:45] INFO Spider: response_list is None
2019-05-10 17:10:13,241 Spider.py[line:45] INFO Spider: response_list is None
2019-05-10 17:10:13,249 Spider.py[line:45] INFO Spider: response_list is None
2019-05-10 17:10:16,140 Spider.py[line:45] INFO Spider: response_list is None
2019-05-10 17:10:16,182 Spider.py[line:45] INFO Spider: response_list is None
2019-05-10 17:10:16,243 Spider.py[line:45] INFO Spider: response_list is None
2019-05-10 17:10:16,250 Spider.py[line:45] INFO Spider: response_list is None
2019-05-10 17:10:19,141 Spider.py[line:45] INFO Spider: response_list is None
2019-05-10 17:10:19,183 Spider.py[line:45] INFO Spider: response_list is None
2019-05-10 17:10:19,244 Spider.py[line:45] INFO Spider: response_list is None
2019-05-10 17:10:19,251 Spider.py[line:45] INFO Spider: response_list is None
2019-05-10 17:10:22,142 Spider.py[line:45] INFO Spider: response_list is None
2019-05-10 17:10:22,206 Spider.py[line:45] INFO Spider: response_list is None
2019-05-10 17:10:22,245 Spider.py[line:45] INFO Spider: response_list is None
2019-05-10 17:10:22,253 Spider.py[line:45] INFO Spider: response_list is None
2019-05-10 17:10:25,143 Spider.py[line:45] INFO Spider: response_list is None
2019-05-10 17:10:25,208 Spider.py[line:45] INFO Spider: response_list is None
2019-05-10 17:10:25,246 Spider.py[line:45] INFO Spider: response_list is None
2019-05-10 17:10:25,254 Spider.py[line:45] INFO Spider: response_list is None
2019-05-10 17:10:28,145 Spider.py[line:45] INFO Spider: response_list is None
2019-05-10 17:10:28,210 Spider.py[line:45] INFO Spider: response_list is None
2019-05-10 17:10:28,248 Spider.py[line:45] INFO Spider: response_list is None
2019-05-10 17:10:28,255 Spider.py[line:45] INFO Spider: response_list is None
2019-05-10 17:10:31,147 Spider.py[line:45] INFO Spider: response_list is None
2019-05-10 17:10:31,211 Spider.py[line:45] INFO Spider: response_list is None
2019-05-10 17:10:31,249 Spider.py[line:45] INFO Spider: response_list is None
2019-05-10 17:10:31,256 Spider.py[line:45] INFO Spider: response_list is None
2019-05-10 17:10:34,150 Spider.py[line:45] INFO Spider: response_list is None
2019-05-10 17:10:34,211 Spider.py[line:45] INFO Spider: response_list is None
2019-05-10 17:10:34,250 Spider.py[line:45] INFO Spider: response_list is None
2019-05-10 17:10:34,256 Spider.py[line:45] INFO Spider: response_list is None
2019-05-10 17:10:37,152 Spider.py[line:45] INFO Spider: response_list is None
2019-05-10 17:10:37,212 Spider.py[line:45] INFO Spider: response_list is None
2019-05-10 17:10:37,251 Spider.py[line:45] INFO Spider: response_list is None
2019-05-10 17:10:37,257 Spider.py[line:45] INFO Spider: response_list is None
2019-05-10 17:10:40,153 Spider.py[line:45] INFO Spider: response_list is None
2019-05-10 17:10:40,214 Spider.py[line:45] INFO Spider: response_list is None
2019-05-10 17:10:40,252 Spider.py[line:45] INFO Spider: response_list is None
2019-05-10 17:10:40,258 Spider.py[line:45] INFO Spider: response_list is None
2019-05-10 17:10:43,154 Spider.py[line:45] INFO Spider: response_list is None
2019-05-10 17:10:43,214 Spider.py[line:45] INFO Spider: response_list is None
2019-05-10 17:10:43,254 Spider.py[line:45] INFO Spider: response_list is None
2019-05-10 17:10:43,259 Spider.py[line:45] INFO Spider: response_list is None
2019-05-10 17:10:46,157 Spider.py[line:45] INFO Spider: response_list is None
2019-05-10 17:10:46,216 Spider.py[line:45] INFO Spider: response_list is None
2019-05-10 17:10:46,256 Spider.py[line:45] INFO Spider: response_list is None
2019-05-10 17:10:46,261 Spider.py[line:45] INFO Spider: response_list is None
2019-05-10 17:10:49,158 Spider.py[line:45] INFO Spider: response_list is None
2019-05-10 17:10:49,216 Spider.py[line:45] INFO Spider: response_list is None
2019-05-10 17:10:49,257 Spider.py[line:45] INFO Spider: response_list is None
2019-05-10 17:10:49,261 Spider.py[line:45] INFO Spider: response_list is None
2019-05-10 17:10:52,160 Spider.py[line:45] INFO Spider: response_list is None
2019-05-10 17:10:52,218 Spider.py[line:45] INFO Spider: response_list is None
2019-05-10 17:10:52,259 Spider.py[line:45] INFO Spider: response_list is None
2019-05-10 17:10:52,263 Spider.py[line:45] INFO Spider: response_list is None
2019-05-10 17:10:55,164 Spider.py[line:45] INFO Spider: response_list is None
2019-05-10 17:10:55,218 Spider.py[line:45] INFO Spider: response_list is None
2019-05-10 17:10:55,260 Spider.py[line:45] INFO Spider: response_list is None
2019-05-10 17:10:55,264 Spider.py[line:45] INFO Spider: response_list is None
2019-05-10 17:10:58,166 Spider.py[line:45] INFO Spider: response_list is None
2019-05-10 17:10:58,219 Spider.py[line:45] INFO Spider: response_list is None
2019-05-10 17:10:58,261 Spider.py[line:45] INFO Spider: response_list is None
2019-05-10 17:10:58,265 Spider.py[line:45] INFO Spider: response_list is None
2019-05-10 17:11:01,167 Spider.py[line:45] INFO Spider: response_list is None
2019-05-10 17:11:01,221 Spider.py[line:45] INFO Spider: response_list is None
2019-05-10 17:11:01,262 Spider.py[line:45] INFO Spider: response_list is None
2019-05-10 17:11:01,267 Spider.py[line:45] INFO Spider: response_list is None
2019-05-10 17:11:04,170 Spider.py[line:45] INFO Spider: response_list is None
2019-05-10 17:11:04,222 Spider.py[line:45] INFO Spider: response_list is None
2019-05-10 17:11:04,263 Spider.py[line:45] INFO Spider: response_list is None
2019-05-10 17:11:04,268 Spider.py[line:45] INFO Spider: response_list is None
2019-05-10 17:11:07,215 Spider.py[line:45] INFO Spider: response_list is None
2019-05-10 17:11:07,223 Spider.py[line:45] INFO Spider: response_list is None
2019-05-10 17:11:07,263 Spider.py[line:45] INFO Spider: response_list is None
2019-05-10 17:11:07,269 Spider.py[line:45] INFO Spider: response_list is None
2019-05-10 17:11:10,217 Spider.py[line:45] INFO Spider: response_list is None
2019-05-10 17:11:10,224 Spider.py[line:45] INFO Spider: response_list is None
2019-05-10 17:11:10,265 Spider.py[line:45] INFO Spider: response_list is None
2019-05-10 17:11:10,271 Spider.py[line:45] INFO Spider: response_list is None
2019-05-10 17:11:13,220 Spider.py[line:45] INFO Spider: response_list is None
2019-05-10 17:11:13,232 Spider.py[line:45] INFO Spider: response_list is None
2019-05-10 17:11:13,266 Spider.py[line:45] INFO Spider: response_list is None
2019-05-10 17:11:13,272 Spider.py[line:45] INFO Spider: response_list is None
2019-05-10 17:11:16,222 Spider.py[line:45] INFO Spider: response_list is None
2019-05-10 17:11:16,234 Spider.py[line:45] INFO Spider: response_list is None
2019-05-10 17:11:16,267 Spider.py[line:45] INFO Spider: response_list is None
2019-05-10 17:11:16,273 Spider.py[line:45] INFO Spider: response_list is None
2019-05-10 17:11:19,223 Spider.py[line:45] INFO Spider: response_list is None
2019-05-10 17:11:19,236 Spider.py[line:45] INFO Spider: response_list is None
2019-05-10 17:11:19,268 Spider.py[line:45] INFO Spider: response_list is None
2019-05-10 17:11:19,274 Spider.py[line:45] INFO Spider: response_list is None
2019-05-10 17:11:22,224 Spider.py[line:45] INFO Spider: response_list is None
2019-05-10 17:11:22,237 Spider.py[line:45] INFO Spider: response_list is None
2019-05-10 17:11:22,269 Spider.py[line:45] INFO Spider: response_list is None
2019-05-10 17:11:22,275 Spider.py[line:45] INFO Spider: response_list is None
2019-05-10 17:11:25,225 Spider.py[line:45] INFO Spider: response_list is None
2019-05-10 17:11:25,238 Spider.py[line:45] INFO Spider: response_list is None
2019-05-10 17:11:25,271 Spider.py[line:45] INFO Spider: response_list is None
2019-05-10 17:11:25,277 Spider.py[line:45] INFO Spider: response_list is None
2019-05-10 17:11:28,227 Spider.py[line:45] INFO Spider: response_list is None
2019-05-10 17:11:28,239 Spider.py[line:45] INFO Spider: response_list is None
2019-05-10 17:11:28,271 Spider.py[line:45] INFO Spider: response_list is None
2019-05-10 17:11:28,277 Spider.py[line:45] INFO Spider: response_list is None
2019-05-10 17:11:31,228 Spider.py[line:45] INFO Spider: response_list is None
2019-05-10 17:11:31,240 Spider.py[line:45] INFO Spider: response_list is None
2019-05-10 17:11:31,272 Spider.py[line:45] INFO Spider: response_list is None
2019-05-10 17:11:31,278 Spider.py[line:45] INFO Spider: response_list is None
2019-05-10 17:11:34,229 Spider.py[line:45] INFO Spider: response_list is None
2019-05-10 17:11:34,241 Spider.py[line:45] INFO Spider: response_list is None
2019-05-10 17:11:34,273 Spider.py[line:45] INFO Spider: response_list is None
2019-05-10 17:11:34,279 Spider.py[line:45] INFO Spider: response_list is None
2019-05-10 17:11:37,230 Spider.py[line:45] INFO Spider: response_list is None
2019-05-10 17:11:37,242 Spider.py[line:45] INFO Spider: response_list is None
2019-05-10 17:11:37,274 Spider.py[line:45] INFO Spider: response_list is None
2019-05-10 17:11:37,280 Spider.py[line:45] INFO Spider: response_list is None
2019-05-10 17:11:40,231 Spider.py[line:45] INFO Spider: response_list is None
2019-05-10 17:11:40,244 Spider.py[line:45] INFO Spider: response_list is None
2019-05-10 17:11:40,276 Spider.py[line:45] INFO Spider: response_list is None
2019-05-10 17:11:40,282 Spider.py[line:45] INFO Spider: response_list is None
2019-05-10 17:11:43,233 Spider.py[line:45] INFO Spider: response_list is None
2019-05-10 17:11:43,245 Spider.py[line:45] INFO Spider: response_list is None
2019-05-10 17:11:43,277 Spider.py[line:45] INFO Spider: response_list is None
2019-05-10 17:11:43,283 Spider.py[line:45] INFO Spider: response_list is None
2019-05-10 17:11:46,234 Spider.py[line:45] INFO Spider: response_list is None
2019-05-10 17:11:46,246 Spider.py[line:45] INFO Spider: response_list is None
2019-05-10 17:11:46,277 Spider.py[line:45] INFO Spider: response_list is None
2019-05-10 17:11:46,284 Spider.py[line:45] INFO Spider: response_list is None
2019-05-10 17:11:49,235 Spider.py[line:45] INFO Spider: response_list is None
2019-05-10 17:11:49,247 Spider.py[line:45] INFO Spider: response_list is None
2019-05-10 17:11:49,278 Spider.py[line:45] INFO Spider: response_list is None
2019-05-10 17:11:49,285 Spider.py[line:45] INFO Spider: response_list is None
2019-05-10 17:11:52,236 Spider.py[line:45] INFO Spider: response_list is None
2019-05-10 17:11:52,248 Spider.py[line:45] INFO Spider: response_list is None
2019-05-10 17:11:52,279 Spider.py[line:45] INFO Spider: response_list is None
2019-05-10 17:11:52,286 Spider.py[line:45] INFO Spider: response_list is None
2019-05-10 17:11:55,237 Spider.py[line:45] INFO Spider: response_list is None
2019-05-10 17:11:55,249 Spider.py[line:45] INFO Spider: response_list is None
2019-05-10 17:11:55,281 Spider.py[line:45] INFO Spider: response_list is None
2019-05-10 17:11:55,288 Spider.py[line:45] INFO Spider: response_list is None
2019-05-10 17:11:58,238 Spider.py[line:45] INFO Spider: response_list is None
2019-05-10 17:11:58,251 Spider.py[line:45] INFO Spider: response_list is None
2019-05-10 17:11:58,282 Spider.py[line:45] INFO Spider: response_list is None
2019-05-10 17:11:58,289 Spider.py[line:45] INFO Spider: response_list is None
2019-05-10 17:12:01,239 Spider.py[line:45] INFO Spider: response_list is None
2019-05-10 17:12:01,253 Spider.py[line:45] INFO Spider: response_list is None
2019-05-10 17:12:01,283 Spider.py[line:45] INFO Spider: response_list is None
2019-05-10 17:12:01,290 Spider.py[line:45] INFO Spider: response_list is None
2019-05-10 17:12:04,240 Spider.py[line:45] INFO Spider: response_list is None
2019-05-10 17:12:04,254 Spider.py[line:45] INFO Spider: response_list is None
2019-05-10 17:12:04,285 Spider.py[line:45] INFO Spider: response_list is None
2019-05-10 17:12:04,292 Spider.py[line:45] INFO Spider: response_list is None
2019-05-10 17:12:07,241 Spider.py[line:45] INFO Spider: response_list is None
2019-05-10 17:12:07,256 Spider.py[line:45] INFO Spider: response_list is None
2019-05-10 17:12:07,286 Spider.py[line:45] INFO Spider: response_list is None
2019-05-10 17:12:07,293 Spider.py[line:45] INFO Spider: response_list is None
2019-05-10 17:12:10,242 Spider.py[line:45] INFO Spider: response_list is None
2019-05-10 17:12:10,257 Spider.py[line:45] INFO Spider: response_list is None
2019-05-10 17:12:10,287 Spider.py[line:45] INFO Spider: response_list is None
2019-05-10 17:12:10,296 Spider.py[line:45] INFO Spider: response_list is None
2019-05-10 17:12:13,243 Spider.py[line:45] INFO Spider: response_list is None
2019-05-10 17:12:13,259 Spider.py[line:45] INFO Spider: response_list is None
2019-05-10 17:12:13,289 Spider.py[line:45] INFO Spider: response_list is None
2019-05-10 17:12:13,297 Spider.py[line:45] INFO Spider: response_list is None
2019-05-10 17:12:16,243 Spider.py[line:45] INFO Spider: response_list is None
2019-05-10 17:12:16,259 Spider.py[line:45] INFO Spider: response_list is None
2019-05-10 17:12:16,290 Spider.py[line:45] INFO Spider: response_list is None
2019-05-10 17:12:16,297 Spider.py[line:45] INFO Spider: response_list is None
2019-05-10 17:12:19,245 Spider.py[line:45] INFO Spider: response_list is None
2019-05-10 17:12:19,261 Spider.py[line:45] INFO Spider: response_list is None
2019-05-10 17:12:19,291 Spider.py[line:45] INFO Spider: response_list is None
2019-05-10 17:12:19,298 Spider.py[line:45] INFO Spider: response_list is None
2019-05-10 17:12:22,246 Spider.py[line:45] INFO Spider: response_list is None
2019-05-10 17:12:22,262 Spider.py[line:45] INFO Spider: response_list is None
2019-05-10 17:12:22,292 Spider.py[line:45] INFO Spider: response_list is None
2019-05-10 17:12:22,299 Spider.py[line:45] INFO Spider: response_list is None
2019-05-10 17:12:25,247 Spider.py[line:45] INFO Spider: response_list is None
2019-05-10 17:12:25,263 Spider.py[line:45] INFO Spider: response_list is None
2019-05-10 17:12:25,299 Spider.py[line:45] INFO Spider: response_list is None
2019-05-10 17:12:25,301 Spider.py[line:45] INFO Spider: response_list is None
2019-05-10 17:12:28,248 Spider.py[line:45] INFO Spider: response_list is None
2019-05-10 17:12:28,263 Spider.py[line:45] INFO Spider: response_list is None
2019-05-10 17:12:28,300 Spider.py[line:45] INFO Spider: response_list is None
2019-05-10 17:12:28,302 Spider.py[line:45] INFO Spider: response_list is None
2019-05-10 17:12:31,252 Spider.py[line:45] INFO Spider: response_list is None
2019-05-10 17:12:31,268 Spider.py[line:45] INFO Spider: response_list is None
2019-05-10 17:12:31,302 Spider.py[line:45] INFO Spider: response_list is None
2019-05-10 17:12:31,322 Spider.py[line:45] INFO Spider: response_list is None
2019-05-10 17:12:34,252 Spider.py[line:45] INFO Spider: response_list is None
2019-05-10 17:12:34,270 Spider.py[line:45] INFO Spider: response_list is None
2019-05-10 17:12:34,302 Spider.py[line:45] INFO Spider: response_list is None
2019-05-10 17:12:34,323 Spider.py[line:45] INFO Spider: response_list is None
2019-05-10 17:12:37,254 Spider.py[line:45] INFO Spider: response_list is None
2019-05-10 17:12:37,271 Spider.py[line:45] INFO Spider: response_list is None
2019-05-10 17:12:37,304 Spider.py[line:45] INFO Spider: response_list is None
2019-05-10 17:12:37,325 Spider.py[line:45] INFO Spider: response_list is None
2019-05-10 17:12:40,254 Spider.py[line:45] INFO Spider: response_list is None
2019-05-10 17:12:40,271 Spider.py[line:45] INFO Spider: response_list is None
2019-05-10 17:12:40,305 Spider.py[line:45] INFO Spider: response_list is None
2019-05-10 17:12:40,326 Spider.py[line:45] INFO Spider: response_list is None
2019-05-10 17:12:43,257 Spider.py[line:45] INFO Spider: response_list is None
2019-05-10 17:12:43,272 Spider.py[line:45] INFO Spider: response_list is None
2019-05-10 17:12:43,308 Spider.py[line:45] INFO Spider: response_list is None
2019-05-10 17:12:43,326 Spider.py[line:45] INFO Spider: response_list is None
2019-05-10 17:12:46,260 Spider.py[line:45] INFO Spider: response_list is None
2019-05-10 17:12:46,274 Spider.py[line:45] INFO Spider: response_list is None
2019-05-10 17:12:46,310 Spider.py[line:45] INFO Spider: response_list is None
2019-05-10 17:12:46,328 Spider.py[line:45] INFO Spider: response_list is None
2019-05-10 17:12:49,261 Spider.py[line:45] INFO Spider: response_list is None
2019-05-10 17:12:49,275 Spider.py[line:45] INFO Spider: response_list is None
2019-05-10 17:12:49,311 Spider.py[line:45] INFO Spider: response_list is None
2019-05-10 17:12:49,329 Spider.py[line:45] INFO Spider: response_list is None
2019-05-10 17:12:52,262 Spider.py[line:45] INFO Spider: response_list is None
2019-05-10 17:12:52,276 Spider.py[line:45] INFO Spider: response_list is None
2019-05-10 17:12:52,312 Spider.py[line:45] INFO Spider: response_list is None
2019-05-10 17:12:52,330 Spider.py[line:45] INFO Spider: response_list is None
2019-05-10 17:12:55,263 Spider.py[line:45] INFO Spider: response_list is None
2019-05-10 17:12:55,277 Spider.py[line:45] INFO Spider: response_list is None
2019-05-10 17:12:55,313 Spider.py[line:45] INFO Spider: response_list is None
2019-05-10 17:12:55,331 Spider.py[line:45] INFO Spider: response_list is None
2019-05-10 17:12:58,264 Spider.py[line:45] INFO Spider: response_list is None
2019-05-10 17:12:58,278 Spider.py[line:45] INFO Spider: response_list is None
2019-05-10 17:12:58,314 Spider.py[line:45] INFO Spider: response_list is None
2019-05-10 17:12:58,333 Spider.py[line:45] INFO Spider: response_list is None
2019-05-10 17:13:01,265 Spider.py[line:45] INFO Spider: response_list is None
2019-05-10 17:13:01,279 Spider.py[line:45] INFO Spider: response_list is None
2019-05-10 17:13:01,315 Spider.py[line:45] INFO Spider: response_list is None
2019-05-10 17:13:01,334 Spider.py[line:45] INFO Spider: response_list is None
2019-05-10 17:13:04,266 Spider.py[line:45] INFO Spider: response_list is None
2019-05-10 17:13:04,280 Spider.py[line:45] INFO Spider: response_list is None
2019-05-10 17:13:04,316 Spider.py[line:45] INFO Spider: response_list is None
2019-05-10 17:13:04,335 Spider.py[line:45] INFO Spider: response_list is None
2019-05-10 17:13:07,268 Spider.py[line:45] INFO Spider: response_list is None
2019-05-10 17:13:07,282 Spider.py[line:45] INFO Spider: response_list is None
2019-05-10 17:13:07,318 Spider.py[line:45] INFO Spider: response_list is None
2019-05-10 17:13:07,337 Spider.py[line:45] INFO Spider: response_list is None
2019-05-10 17:13:10,268 Spider.py[line:45] INFO Spider: response_list is None
2019-05-10 17:13:10,282 Spider.py[line:45] INFO Spider: response_list is None
2019-05-10 17:13:10,318 Spider.py[line:45] INFO Spider: response_list is None
2019-05-10 17:13:10,338 Spider.py[line:45] INFO Spider: response_list is None
2019-05-10 17:13:13,270 Spider.py[line:45] INFO Spider: response_list is None
2019-05-10 17:13:13,284 Spider.py[line:45] INFO Spider: response_list is None
2019-05-10 17:13:13,320 Spider.py[line:45] INFO Spider: response_list is None
2019-05-10 17:13:13,339 Spider.py[line:45] INFO Spider: response_list is None
2019-05-10 17:13:16,270 Spider.py[line:45] INFO Spider: response_list is None
2019-05-10 17:13:16,284 Spider.py[line:45] INFO Spider: response_list is None
2019-05-10 17:13:16,320 Spider.py[line:45] INFO Spider: response_list is None
2019-05-10 17:13:16,340 Spider.py[line:45] INFO Spider: response_list is None
2019-05-10 17:13:19,272 Spider.py[line:45] INFO Spider: response_list is None
2019-05-10 17:13:19,286 Spider.py[line:45] INFO Spider: response_list is None
2019-05-10 17:13:19,322 Spider.py[line:45] INFO Spider: response_list is None
2019-05-10 17:13:19,342 Spider.py[line:45] INFO Spider: response_list is None
2019-05-10 17:13:22,273 Spider.py[line:45] INFO Spider: response_list is None
2019-05-10 17:13:22,287 Spider.py[line:45] INFO Spider: response_list is None
2019-05-10 17:13:22,322 Spider.py[line:45] INFO Spider: response_list is None
2019-05-10 17:13:22,343 Spider.py[line:45] INFO Spider: response_list is None
2019-05-10 17:13:25,274 Spider.py[line:45] INFO Spider: response_list is None
2019-05-10 17:13:25,288 Spider.py[line:45] INFO Spider: response_list is None
2019-05-10 17:13:25,323 Spider.py[line:45] INFO Spider: response_list is None
2019-05-10 17:13:25,343 Spider.py[line:45] INFO Spider: response_list is None
2019-05-10 17:13:28,275 Spider.py[line:45] INFO Spider: response_list is None
2019-05-10 17:13:28,289 Spider.py[line:45] INFO Spider: response_list is None
2019-05-10 17:13:28,325 Spider.py[line:45] INFO Spider: response_list is None
2019-05-10 17:13:28,344 Spider.py[line:45] INFO Spider: response_list is None
2019-05-10 17:13:31,276 Spider.py[line:45] INFO Spider: response_list is None
2019-05-10 17:13:31,291 Spider.py[line:45] INFO Spider: response_list is None
2019-05-10 17:13:31,326 Spider.py[line:45] INFO Spider: response_list is None
2019-05-10 17:13:31,346 Spider.py[line:45] INFO Spider: response_list is None
2019-05-10 17:13:34,278 Spider.py[line:45] INFO Spider: response_list is None
2019-05-10 17:13:34,292 Spider.py[line:45] INFO Spider: response_list is None
2019-05-10 17:13:34,327 Spider.py[line:45] INFO Spider: response_list is None
2019-05-10 17:13:34,347 Spider.py[line:45] INFO Spider: response_list is None
2019-05-10 17:13:37,278 Spider.py[line:45] INFO Spider: response_list is None
2019-05-10 17:13:37,292 Spider.py[line:45] INFO Spider: response_list is None
2019-05-10 17:13:37,327 Spider.py[line:45] INFO Spider: response_list is None
2019-05-10 17:13:37,347 Spider.py[line:45] INFO Spider: response_list is None
2019-05-10 17:13:40,279 Spider.py[line:45] INFO Spider: response_list is None
2019-05-10 17:13:40,293 Spider.py[line:45] INFO Spider: response_list is None
2019-05-10 17:13:40,328 Spider.py[line:45] INFO Spider: response_list is None
2019-05-10 17:13:40,349 Spider.py[line:45] INFO Spider: response_list is None
2019-05-10 17:13:43,281 Spider.py[line:45] INFO Spider: response_list is None
2019-05-10 17:13:43,295 Spider.py[line:45] INFO Spider: response_list is None
2019-05-10 17:13:43,330 Spider.py[line:45] INFO Spider: response_list is None
2019-05-10 17:13:43,351 Spider.py[line:45] INFO Spider: response_list is None
2019-05-10 17:13:46,282 Spider.py[line:45] INFO Spider: response_list is None
2019-05-10 17:13:46,296 Spider.py[line:45] INFO Spider: response_list is None
2019-05-10 17:13:46,331 Spider.py[line:45] INFO Spider: response_list is None
2019-05-10 17:13:46,351 Spider.py[line:45] INFO Spider: response_list is None
2019-05-10 17:13:49,283 Spider.py[line:45] INFO Spider: response_list is None
2019-05-10 17:13:49,297 Spider.py[line:45] INFO Spider: response_list is None
2019-05-10 17:13:49,332 Spider.py[line:45] INFO Spider: response_list is None
2019-05-10 17:13:49,352 Spider.py[line:45] INFO Spider: response_list is None
2019-05-10 17:13:52,284 Spider.py[line:45] INFO Spider: response_list is None
2019-05-10 17:13:52,298 Spider.py[line:45] INFO Spider: response_list is None
2019-05-10 17:13:52,333 Spider.py[line:45] INFO Spider: response_list is None
2019-05-10 17:13:52,353 Spider.py[line:45] INFO Spider: response_list is None
2019-05-10 17:13:55,286 Spider.py[line:45] INFO Spider: response_list is None
2019-05-10 17:13:55,300 Spider.py[line:45] INFO Spider: response_list is None
2019-05-10 17:13:55,335 Spider.py[line:45] INFO Spider: response_list is None
2019-05-10 17:13:55,355 Spider.py[line:45] INFO Spider: response_list is None
2019-05-10 17:13:58,287 Spider.py[line:45] INFO Spider: response_list is None
2019-05-10 17:13:58,301 Spider.py[line:45] INFO Spider: response_list is None
2019-05-10 17:13:58,336 Spider.py[line:45] INFO Spider: response_list is None
2019-05-10 17:13:58,356 Spider.py[line:45] INFO Spider: response_list is None
2019-05-10 17:14:01,287 Spider.py[line:45] INFO Spider: response_list is None
2019-05-10 17:14:01,302 Spider.py[line:45] INFO Spider: response_list is None
2019-05-10 17:14:01,336 Spider.py[line:45] INFO Spider: response_list is None
2019-05-10 17:14:01,357 Spider.py[line:45] INFO Spider: response_list is None
2019-05-10 17:14:04,288 Spider.py[line:45] INFO Spider: response_list is None
2019-05-10 17:14:04,304 Spider.py[line:45] INFO Spider: response_list is None
2019-05-10 17:14:04,337 Spider.py[line:45] INFO Spider: response_list is None
2019-05-10 17:14:04,358 Spider.py[line:45] INFO Spider: response_list is None
2019-05-10 17:14:07,289 Spider.py[line:45] INFO Spider: response_list is None
2019-05-10 17:14:07,305 Spider.py[line:45] INFO Spider: response_list is None
2019-05-10 17:14:07,339 Spider.py[line:45] INFO Spider: response_list is None
2019-05-10 17:14:07,359 Spider.py[line:45] INFO Spider: response_list is None
2019-05-10 17:14:10,290 Spider.py[line:45] INFO Spider: response_list is None
2019-05-10 17:14:10,306 Spider.py[line:45] INFO Spider: response_list is None
2019-05-10 17:14:10,340 Spider.py[line:45] INFO Spider: response_list is None
2019-05-10 17:14:10,361 Spider.py[line:45] INFO Spider: response_list is None
2019-05-10 17:14:13,292 Spider.py[line:45] INFO Spider: response_list is None
2019-05-10 17:14:13,307 Spider.py[line:45] INFO Spider: response_list is None
2019-05-10 17:14:13,341 Spider.py[line:45] INFO Spider: response_list is None
2019-05-10 17:14:13,362 Spider.py[line:45] INFO Spider: response_list is None
2019-05-10 17:14:16,295 Spider.py[line:45] INFO Spider: response_list is None
2019-05-10 17:14:16,313 Spider.py[line:45] INFO Spider: response_list is None
2019-05-10 17:14:16,343 Spider.py[line:45] INFO Spider: response_list is None
2019-05-10 17:14:16,363 Spider.py[line:45] INFO Spider: response_list is None
2019-05-10 17:14:19,296 Spider.py[line:45] INFO Spider: response_list is None
2019-05-10 17:14:19,315 Spider.py[line:45] INFO Spider: response_list is None
2019-05-10 17:14:19,345 Spider.py[line:45] INFO Spider: response_list is None
2019-05-10 17:14:19,364 Spider.py[line:45] INFO Spider: response_list is None
2019-05-10 17:14:22,297 Spider.py[line:45] INFO Spider: response_list is None
2019-05-10 17:14:22,315 Spider.py[line:45] INFO Spider: response_list is None
2019-05-10 17:14:22,346 Spider.py[line:45] INFO Spider: response_list is None
2019-05-10 17:14:22,366 Spider.py[line:45] INFO Spider: response_list is None
2019-05-10 17:14:25,298 Spider.py[line:45] INFO Spider: response_list is None
2019-05-10 17:14:25,316 Spider.py[line:45] INFO Spider: response_list is None
2019-05-10 17:14:25,347 Spider.py[line:45] INFO Spider: response_list is None
2019-05-10 17:14:25,367 Spider.py[line:45] INFO Spider: response_list is None
2019-05-10 17:14:28,300 Spider.py[line:45] INFO Spider: response_list is None
2019-05-10 17:14:28,318 Spider.py[line:45] INFO Spider: response_list is None
2019-05-10 17:14:28,349 Spider.py[line:45] INFO Spider: response_list is None
2019-05-10 17:14:28,369 Spider.py[line:45] INFO Spider: response_list is None
2019-05-10 17:14:31,301 Spider.py[line:45] INFO Spider: response_list is None
2019-05-10 17:14:31,319 Spider.py[line:45] INFO Spider: response_list is None
2019-05-10 17:14:31,350 Spider.py[line:45] INFO Spider: response_list is None
2019-05-10 17:14:31,370 Spider.py[line:45] INFO Spider: response_list is None
2019-05-10 17:14:34,303 Spider.py[line:45] INFO Spider: response_list is None
2019-05-10 17:14:34,320 Spider.py[line:45] INFO Spider: response_list is None
2019-05-10 17:14:34,351 Spider.py[line:45] INFO Spider: response_list is None
2019-05-10 17:14:34,372 Spider.py[line:45] INFO Spider: response_list is None
2019-05-10 17:14:37,304 Spider.py[line:45] INFO Spider: response_list is None
2019-05-10 17:14:37,321 Spider.py[line:45] INFO Spider: response_list is None
2019-05-10 17:14:37,352 Spider.py[line:45] INFO Spider: response_list is None
2019-05-10 17:14:37,372 Spider.py[line:45] INFO Spider: response_list is None
2019-05-10 17:14:40,305 Spider.py[line:45] INFO Spider: response_list is None
2019-05-10 17:14:40,322 Spider.py[line:45] INFO Spider: response_list is None
2019-05-10 17:14:40,353 Spider.py[line:45] INFO Spider: response_list is None
2019-05-10 17:14:40,374 Spider.py[line:45] INFO Spider: response_list is None
2019-05-10 17:14:43,306 Spider.py[line:45] INFO Spider: response_list is None
2019-05-10 17:14:43,322 Spider.py[line:45] INFO Spider: response_list is None
2019-05-10 17:14:43,354 Spider.py[line:45] INFO Spider: response_list is None
2019-05-10 17:14:43,374 Spider.py[line:45] INFO Spider: response_list is None
2019-05-10 17:14:46,308 Spider.py[line:45] INFO Spider: response_list is None
2019-05-10 17:14:46,324 Spider.py[line:45] INFO Spider: response_list is None
2019-05-10 17:14:46,356 Spider.py[line:45] INFO Spider: response_list is None
2019-05-10 17:14:46,376 Spider.py[line:45] INFO Spider: response_list is None
2019-05-10 17:14:49,309 Spider.py[line:45] INFO Spider: response_list is None
2019-05-10 17:14:49,324 Spider.py[line:45] INFO Spider: response_list is None
2019-05-10 17:14:49,357 Spider.py[line:45] INFO Spider: response_list is None
2019-05-10 17:14:49,376 Spider.py[line:45] INFO Spider: response_list is None
2019-05-10 17:14:52,310 Spider.py[line:45] INFO Spider: response_list is None
2019-05-10 17:14:52,325 Spider.py[line:45] INFO Spider: response_list is None
2019-05-10 17:14:52,358 Spider.py[line:45] INFO Spider: response_list is None
2019-05-10 17:14:52,377 Spider.py[line:45] INFO Spider: response_list is None
2019-05-10 17:14:55,311 Spider.py[line:45] INFO Spider: response_list is None
2019-05-10 17:14:55,326 Spider.py[line:45] INFO Spider: response_list is None
2019-05-10 17:14:55,359 Spider.py[line:45] INFO Spider: response_list is None
2019-05-10 17:14:55,380 Spider.py[line:45] INFO Spider: response_list is None
2019-05-10 17:14:58,312 Spider.py[line:45] INFO Spider: response_list is None
2019-05-10 17:14:58,327 Spider.py[line:45] INFO Spider: response_list is None
2019-05-10 17:14:58,360 Spider.py[line:45] INFO Spider: response_list is None
2019-05-10 17:14:58,382 Spider.py[line:45] INFO Spider: response_list is None
2019-05-10 17:15:01,314 Spider.py[line:45] INFO Spider: response_list is None
2019-05-10 17:15:01,329 Spider.py[line:45] INFO Spider: response_list is None
2019-05-10 17:15:01,361 Spider.py[line:45] INFO Spider: response_list is None
2019-05-10 17:15:01,384 Spider.py[line:45] INFO Spider: response_list is None
2019-05-10 17:15:04,315 Spider.py[line:45] INFO Spider: response_list is None
2019-05-10 17:15:04,330 Spider.py[line:45] INFO Spider: response_list is None
2019-05-10 17:15:04,362 Spider.py[line:45] INFO Spider: response_list is None
2019-05-10 17:15:04,385 Spider.py[line:45] INFO Spider: response_list is None
2019-05-10 17:15:07,317 Spider.py[line:45] INFO Spider: response_list is None
2019-05-10 17:15:07,332 Spider.py[line:45] INFO Spider: response_list is None
2019-05-10 17:15:07,363 Spider.py[line:45] INFO Spider: response_list is None
2019-05-10 17:15:07,386 Spider.py[line:45] INFO Spider: response_list is None
2019-05-10 17:15:10,318 Spider.py[line:45] INFO Spider: response_list is None
2019-05-10 17:15:10,333 Spider.py[line:45] INFO Spider: response_list is None
2019-05-10 17:15:10,364 Spider.py[line:45] INFO Spider: response_list is None
2019-05-10 17:15:10,387 Spider.py[line:45] INFO Spider: response_list is None
2019-05-10 17:15:13,319 Spider.py[line:45] INFO Spider: response_list is None
2019-05-10 17:15:13,334 Spider.py[line:45] INFO Spider: response_list is None
2019-05-10 17:15:13,367 Spider.py[line:45] INFO Spider: response_list is None
2019-05-10 17:15:13,388 Spider.py[line:45] INFO Spider: response_list is None
2019-05-10 17:15:16,321 Spider.py[line:45] INFO Spider: response_list is None
2019-05-10 17:15:16,336 Spider.py[line:45] INFO Spider: response_list is None
2019-05-10 17:15:16,368 Spider.py[line:45] INFO Spider: response_list is None
2019-05-10 17:15:16,390 Spider.py[line:45] INFO Spider: response_list is None
2019-05-10 17:15:19,322 Spider.py[line:45] INFO Spider: response_list is None
2019-05-10 17:15:19,337 Spider.py[line:45] INFO Spider: response_list is None
2019-05-10 17:15:19,369 Spider.py[line:45] INFO Spider: response_list is None
2019-05-10 17:15:19,391 Spider.py[line:45] INFO Spider: response_list is None
2019-05-10 17:15:22,324 Spider.py[line:45] INFO Spider: response_list is None
2019-05-10 17:15:22,339 Spider.py[line:45] INFO Spider: response_list is None
2019-05-10 17:15:22,370 Spider.py[line:45] INFO Spider: response_list is None
2019-05-10 17:15:22,392 Spider.py[line:45] INFO Spider: response_list is None
2019-05-10 17:15:25,324 Spider.py[line:45] INFO Spider: response_list is None
2019-05-10 17:15:25,340 Spider.py[line:45] INFO Spider: response_list is None
2019-05-10 17:15:25,371 Spider.py[line:45] INFO Spider: response_list is None
2019-05-10 17:15:25,393 Spider.py[line:45] INFO Spider: response_list is None
2019-05-10 17:15:28,325 Spider.py[line:45] INFO Spider: response_list is None
2019-05-10 17:15:28,341 Spider.py[line:45] INFO Spider: response_list is None
2019-05-10 17:15:28,372 Spider.py[line:45] INFO Spider: response_list is None
2019-05-10 17:15:28,394 Spider.py[line:45] INFO Spider: response_list is None
2019-05-10 17:15:31,327 Spider.py[line:45] INFO Spider: response_list is None
2019-05-10 17:15:31,342 Spider.py[line:45] INFO Spider: response_list is None
2019-05-10 17:15:31,374 Spider.py[line:45] INFO Spider: response_list is None
2019-05-10 17:15:31,396 Spider.py[line:45] INFO Spider: response_list is None
2019-05-10 17:15:34,328 Spider.py[line:45] INFO Spider: response_list is None
2019-05-10 17:15:34,343 Spider.py[line:45] INFO Spider: response_list is None
2019-05-10 17:15:34,375 Spider.py[line:45] INFO Spider: response_list is None
2019-05-10 17:15:34,398 Spider.py[line:45] INFO Spider: response_list is None
2019-05-10 17:15:37,329 Spider.py[line:45] INFO Spider: response_list is None
2019-05-10 17:15:37,344 Spider.py[line:45] INFO Spider: response_list is None
2019-05-10 17:15:37,375 Spider.py[line:45] INFO Spider: response_list is None
2019-05-10 17:15:37,399 Spider.py[line:45] INFO Spider: response_list is None
2019-05-10 17:15:40,329 Spider.py[line:45] INFO Spider: response_list is None
2019-05-10 17:15:40,345 Spider.py[line:45] INFO Spider: response_list is None
2019-05-10 17:15:40,376 Spider.py[line:45] INFO Spider: response_list is None
2019-05-10 17:15:40,399 Spider.py[line:45] INFO Spider: response_list is None
2019-05-10 17:15:43,330 Spider.py[line:45] INFO Spider: response_list is None
2019-05-10 17:15:43,346 Spider.py[line:45] INFO Spider: response_list is None
2019-05-10 17:15:43,377 Spider.py[line:45] INFO Spider: response_list is None
2019-05-10 17:15:43,400 Spider.py[line:45] INFO Spider: response_list is None
2019-05-10 17:15:46,331 Spider.py[line:45] INFO Spider: response_list is None
2019-05-10 17:15:46,347 Spider.py[line:45] INFO Spider: response_list is None
2019-05-10 17:15:46,378 Spider.py[line:45] INFO Spider: response_list is None
2019-05-10 17:15:46,401 Spider.py[line:45] INFO Spider: response_list is None
2019-05-10 17:15:49,332 Spider.py[line:45] INFO Spider: response_list is None
2019-05-10 17:15:49,348 Spider.py[line:45] INFO Spider: response_list is None
2019-05-10 17:15:49,384 Spider.py[line:45] INFO Spider: response_list is None
2019-05-10 17:15:49,402 Spider.py[line:45] INFO Spider: response_list is None
2019-05-10 17:15:52,332 Spider.py[line:45] INFO Spider: response_list is None
2019-05-10 17:15:52,349 Spider.py[line:45] INFO Spider: response_list is None
2019-05-10 17:15:52,386 Spider.py[line:45] INFO Spider: response_list is None
2019-05-10 17:15:52,403 Spider.py[line:45] INFO Spider: response_list is None
2019-05-10 17:15:55,333 Spider.py[line:45] INFO Spider: response_list is None
2019-05-10 17:15:55,350 Spider.py[line:45] INFO Spider: response_list is None
2019-05-10 17:15:55,386 Spider.py[line:45] INFO Spider: response_list is None
2019-05-10 17:15:55,403 Spider.py[line:45] INFO Spider: response_list is None
2019-05-10 17:15:58,334 Spider.py[line:45] INFO Spider: response_list is None
2019-05-10 17:15:58,351 Spider.py[line:45] INFO Spider: response_list is None
2019-05-10 17:15:58,387 Spider.py[line:45] INFO Spider: response_list is None
2019-05-10 17:15:58,404 Spider.py[line:45] INFO Spider: response_list is None
2019-05-10 17:16:01,335 Spider.py[line:45] INFO Spider: response_list is None
2019-05-10 17:16:01,353 Spider.py[line:45] INFO Spider: response_list is None
2019-05-10 17:16:01,388 Spider.py[line:45] INFO Spider: response_list is None
2019-05-10 17:16:01,406 Spider.py[line:45] INFO Spider: response_list is None
2019-05-10 17:16:04,335 Spider.py[line:45] INFO Spider: response_list is None
2019-05-10 17:16:04,354 Spider.py[line:45] INFO Spider: response_list is None
2019-05-10 17:16:04,389 Spider.py[line:45] INFO Spider: response_list is None
2019-05-10 17:16:04,406 Spider.py[line:45] INFO Spider: response_list is None
2019-05-10 17:16:07,336 Spider.py[line:45] INFO Spider: response_list is None
2019-05-10 17:16:07,355 Spider.py[line:45] INFO Spider: response_list is None
2019-05-10 17:16:07,390 Spider.py[line:45] INFO Spider: response_list is None
2019-05-10 17:16:07,407 Spider.py[line:45] INFO Spider: response_list is None
2019-05-10 17:16:10,338 Spider.py[line:45] INFO Spider: response_list is None
2019-05-10 17:16:10,356 Spider.py[line:45] INFO Spider: response_list is None
2019-05-10 17:16:10,391 Spider.py[line:45] INFO Spider: response_list is None
2019-05-10 17:16:10,408 Spider.py[line:45] INFO Spider: response_list is None
2019-05-10 17:16:13,339 Spider.py[line:45] INFO Spider: response_list is None
2019-05-10 17:16:13,358 Spider.py[line:45] INFO Spider: response_list is None
2019-05-10 17:16:13,392 Spider.py[line:45] INFO Spider: response_list is None
2019-05-10 17:16:13,410 Spider.py[line:45] INFO Spider: response_list is None
2019-05-10 17:16:16,340 Spider.py[line:45] INFO Spider: response_list is None
2019-05-10 17:16:16,359 Spider.py[line:45] INFO Spider: response_list is None
2019-05-10 17:16:16,394 Spider.py[line:45] INFO Spider: response_list is None
2019-05-10 17:16:16,411 Spider.py[line:45] INFO Spider: response_list is None
2019-05-10 17:16:19,341 Spider.py[line:45] INFO Spider: response_list is None
2019-05-10 17:16:19,360 Spider.py[line:45] INFO Spider: response_list is None
2019-05-10 17:16:19,395 Spider.py[line:45] INFO Spider: response_list is None
2019-05-10 17:16:19,412 Spider.py[line:45] INFO Spider: response_list is None
2019-05-10 17:16:22,342 Spider.py[line:45] INFO Spider: response_list is None
2019-05-10 17:16:22,361 Spider.py[line:45] INFO Spider: response_list is None
2019-05-10 17:16:22,396 Spider.py[line:45] INFO Spider: response_list is None
2019-05-10 17:16:22,414 Spider.py[line:45] INFO Spider: response_list is None
2019-05-10 17:16:25,343 Spider.py[line:45] INFO Spider: response_list is None
2019-05-10 17:16:25,362 Spider.py[line:45] INFO Spider: response_list is None
2019-05-10 17:16:25,397 Spider.py[line:45] INFO Spider: response_list is None
2019-05-10 17:16:25,414 Spider.py[line:45] INFO Spider: response_list is None
2019-05-10 17:16:28,343 Spider.py[line:45] INFO Spider: response_list is None
2019-05-10 17:16:28,363 Spider.py[line:45] INFO Spider: response_list is None
2019-05-10 17:16:28,398 Spider.py[line:45] INFO Spider: response_list is None
2019-05-10 17:16:28,415 Spider.py[line:45] INFO Spider: response_list is None
2019-05-10 17:16:31,345 Spider.py[line:45] INFO Spider: response_list is None
2019-05-10 17:16:31,364 Spider.py[line:45] INFO Spider: response_list is None
2019-05-10 17:16:31,399 Spider.py[line:45] INFO Spider: response_list is None
2019-05-10 17:16:31,416 Spider.py[line:45] INFO Spider: response_list is None
2019-05-10 17:16:34,346 Spider.py[line:45] INFO Spider: response_list is None
2019-05-10 17:16:34,365 Spider.py[line:45] INFO Spider: response_list is None
2019-05-10 17:16:34,400 Spider.py[line:45] INFO Spider: response_list is None
2019-05-10 17:16:34,417 Spider.py[line:45] INFO Spider: response_list is None
2019-05-10 17:16:37,347 Spider.py[line:45] INFO Spider: response_list is None
2019-05-10 17:16:37,366 Spider.py[line:45] INFO Spider: response_list is None
2019-05-10 17:16:37,401 Spider.py[line:45] INFO Spider: response_list is None
2019-05-10 17:16:37,418 Spider.py[line:45] INFO Spider: response_list is None
2019-05-10 17:16:40,349 Spider.py[line:45] INFO Spider: response_list is None
2019-05-10 17:16:40,369 Spider.py[line:45] INFO Spider: response_list is None
2019-05-10 17:16:40,403 Spider.py[line:45] INFO Spider: response_list is None
2019-05-10 17:16:40,420 Spider.py[line:45] INFO Spider: response_list is None
2019-05-10 17:16:43,350 Spider.py[line:45] INFO Spider: response_list is None
2019-05-10 17:16:43,370 Spider.py[line:45] INFO Spider: response_list is None
2019-05-10 17:16:43,404 Spider.py[line:45] INFO Spider: response_list is None
2019-05-10 17:16:43,421 Spider.py[line:45] INFO Spider: response_list is None
2019-05-10 17:16:46,351 Spider.py[line:45] INFO Spider: response_list is None
2019-05-10 17:16:46,371 Spider.py[line:45] INFO Spider: response_list is None
2019-05-10 17:16:46,405 Spider.py[line:45] INFO Spider: response_list is None
2019-05-10 17:16:46,422 Spider.py[line:45] INFO Spider: response_list is None
2019-05-10 17:16:49,352 Spider.py[line:45] INFO Spider: response_list is None
2019-05-10 17:16:49,373 Spider.py[line:45] INFO Spider: response_list is None
2019-05-10 17:16:49,407 Spider.py[line:45] INFO Spider: response_list is None
2019-05-10 17:16:49,424 Spider.py[line:45] INFO Spider: response_list is None
2019-05-10 17:16:52,353 Spider.py[line:45] INFO Spider: response_list is None
2019-05-10 17:16:52,374 Spider.py[line:45] INFO Spider: response_list is None
2019-05-10 17:16:52,408 Spider.py[line:45] INFO Spider: response_list is None
2019-05-10 17:16:52,425 Spider.py[line:45] INFO Spider: response_list is None
2019-05-10 17:16:55,354 Spider.py[line:45] INFO Spider: response_list is None
2019-05-10 17:16:55,375 Spider.py[line:45] INFO Spider: response_list is None
2019-05-10 17:16:55,409 Spider.py[line:45] INFO Spider: response_list is None
2019-05-10 17:16:55,426 Spider.py[line:45] INFO Spider: response_list is None
2019-05-10 17:16:58,356 Spider.py[line:45] INFO Spider: response_list is None
2019-05-10 17:16:58,377 Spider.py[line:45] INFO Spider: response_list is None
2019-05-10 17:16:58,411 Spider.py[line:45] INFO Spider: response_list is None
2019-05-10 17:16:58,428 Spider.py[line:45] INFO Spider: response_list is None
2019-05-10 17:17:01,358 Spider.py[line:45] INFO Spider: response_list is None
2019-05-10 17:17:01,379 Spider.py[line:45] INFO Spider: response_list is None
2019-05-10 17:17:01,412 Spider.py[line:45] INFO Spider: response_list is None
2019-05-10 17:17:01,429 Spider.py[line:45] INFO Spider: response_list is None
2019-05-10 17:17:04,359 Spider.py[line:45] INFO Spider: response_list is None
2019-05-10 17:17:04,380 Spider.py[line:45] INFO Spider: response_list is None
2019-05-10 17:17:04,412 Spider.py[line:45] INFO Spider: response_list is None
2019-05-10 17:17:04,430 Spider.py[line:45] INFO Spider: response_list is None
2019-05-10 17:17:07,360 Spider.py[line:45] INFO Spider: response_list is None
2019-05-10 17:17:07,382 Spider.py[line:45] INFO Spider: response_list is None
2019-05-10 17:17:07,414 Spider.py[line:45] INFO Spider: response_list is None
2019-05-10 17:17:07,430 Spider.py[line:45] INFO Spider: response_list is None
2019-05-10 17:17:10,361 Spider.py[line:45] INFO Spider: response_list is None
2019-05-10 17:17:10,383 Spider.py[line:45] INFO Spider: response_list is None
2019-05-10 17:17:10,415 Spider.py[line:45] INFO Spider: response_list is None
2019-05-10 17:17:10,431 Spider.py[line:45] INFO Spider: response_list is None
2019-05-10 17:17:13,362 Spider.py[line:45] INFO Spider: response_list is None
2019-05-10 17:17:13,384 Spider.py[line:45] INFO Spider: response_list is None
2019-05-10 17:17:13,416 Spider.py[line:45] INFO Spider: response_list is None
2019-05-10 17:17:13,432 Spider.py[line:45] INFO Spider: response_list is None
2019-05-10 17:17:16,363 Spider.py[line:45] INFO Spider: response_list is None
2019-05-10 17:17:16,385 Spider.py[line:45] INFO Spider: response_list is None
2019-05-10 17:17:16,417 Spider.py[line:45] INFO Spider: response_list is None
2019-05-10 17:17:16,433 Spider.py[line:45] INFO Spider: response_list is None
2019-05-10 17:17:19,364 Spider.py[line:45] INFO Spider: response_list is None
2019-05-10 17:17:19,387 Spider.py[line:45] INFO Spider: response_list is None
2019-05-10 17:17:19,418 Spider.py[line:45] INFO Spider: response_list is None
2019-05-10 17:17:19,435 Spider.py[line:45] INFO Spider: response_list is None
2019-05-10 17:40:59,512 Spider.py[line:45] INFO Spider: response_list is None
2019-05-10 17:40:59,513 Spider.py[line:45] INFO Spider: response_list is None
2019-05-10 17:40:59,513 Spider.py[line:45] INFO Spider: response_list is None
2019-05-10 17:40:59,514 Spider.py[line:45] INFO Spider: response_list is None
2019-05-10 17:41:29,472 Spider.py[line:45] INFO Spider: response_list is None
2019-05-10 17:41:29,473 Spider.py[line:45] INFO Spider: response_list is None
2019-05-10 17:41:29,474 Spider.py[line:45] INFO Spider: response_list is None
2019-05-10 17:41:29,474 Spider.py[line:45] INFO Spider: response_list is None
2019-05-10 17:41:32,474 Spider.py[line:45] INFO Spider: response_list is None
2019-05-10 17:41:32,475 Spider.py[line:45] INFO Spider: response_list is None
2019-05-10 17:41:32,476 Spider.py[line:45] INFO Spider: response_list is None
2019-05-10 17:41:32,477 Spider.py[line:45] INFO Spider: response_list is None
2019-05-10 17:53:51,550 Spider.py[line:45] INFO Spider: response_list is None
2019-05-10 17:53:51,551 Spider.py[line:45] INFO Spider: response_list is None
2019-05-10 17:53:51,552 Spider.py[line:45] INFO Spider: response_list is None
2019-05-10 17:53:51,552 Spider.py[line:45] INFO Spider: response_list is None
2019-05-10 17:54:04,786 Spider.py[line:45] INFO Spider: response_list is None
2019-05-10 17:54:04,787 Spider.py[line:45] INFO Spider: response_list is None
2019-05-10 17:54:04,787 Spider.py[line:45] INFO Spider: response_list is None
2019-05-10 17:54:04,788 Spider.py[line:45] INFO Spider: response_list is None
2019-05-10 17:54:11,741 Spider.py[line:45] INFO Spider: response_list is None
2019-05-10 17:54:11,742 Spider.py[line:45] INFO Spider: response_list is None
2019-05-10 17:54:11,742 Spider.py[line:45] INFO Spider: response_list is None
2019-05-10 17:54:11,744 Spider.py[line:45] INFO Spider: response_list is None
2019-05-10 17:54:14,744 Spider.py[line:45] INFO Spider: response_list is None
2019-05-10 17:54:14,744 Spider.py[line:45] INFO Spider: response_list is None
2019-05-10 17:54:14,745 Spider.py[line:45] INFO Spider: response_list is None
2019-05-10 17:54:14,745 Spider.py[line:45] INFO Spider: response_list is None
2019-05-10 17:58:06,972 Spider.py[line:45] INFO Spider: response_list is None
2019-05-10 17:58:06,974 Spider.py[line:45] INFO Spider: response_list is None
2019-05-10 17:58:06,975 Spider.py[line:45] INFO Spider: response_list is None
2019-05-10 17:58:06,976 Spider.py[line:45] INFO Spider: response_list is None
2019-05-10 17:58:09,973 Spider.py[line:45] INFO Spider: response_list is None
2019-05-10 17:58:09,975 Spider.py[line:45] INFO Spider: response_list is None
2019-05-10 17:58:09,977 Spider.py[line:45] INFO Spider: response_list is None
2019-05-10 17:58:09,977 Spider.py[line:45] INFO Spider: response_list is None
2019-05-10 17:58:12,975 Spider.py[line:45] INFO Spider: response_list is None
2019-05-10 17:58:12,977 Spider.py[line:45] INFO Spider: response_list is None
2019-05-10 17:58:12,978 Spider.py[line:45] INFO Spider: response_list is None
2019-05-10 17:58:12,978 Spider.py[line:45] INFO Spider: response_list is None
2019-05-10 17:58:15,980 Spider.py[line:45] INFO Spider: response_list is None
2019-05-10 17:58:15,980 Spider.py[line:45] INFO Spider: response_list is None
2019-05-10 17:58:15,983 Spider.py[line:45] INFO Spider: response_list is None
2019-05-10 17:58:15,984 Spider.py[line:45] INFO Spider: response_list is None
2019-05-10 17:58:19,007 Spider.py[line:45] INFO Spider: response_list is None
2019-05-10 17:58:19,008 Spider.py[line:45] INFO Spider: response_list is None
2019-05-10 17:58:19,009 Spider.py[line:45] INFO Spider: response_list is None
2019-05-10 17:58:19,028 Spider.py[line:45] INFO Spider: response_list is None
2019-05-10 17:58:22,010 Spider.py[line:45] INFO Spider: response_list is None
2019-05-10 17:58:22,011 Spider.py[line:45] INFO Spider: response_list is None
2019-05-10 17:58:22,011 Spider.py[line:45] INFO Spider: response_list is None
2019-05-10 17:58:22,030 Spider.py[line:45] INFO Spider: response_list is None
2019-05-10 17:58:25,011 Spider.py[line:45] INFO Spider: response_list is None
2019-05-10 17:58:25,013 Spider.py[line:45] INFO Spider: response_list is None
2019-05-10 17:58:25,013 Spider.py[line:45] INFO Spider: response_list is None
2019-05-10 17:58:25,031 Spider.py[line:45] INFO Spider: response_list is None
2019-05-10 17:58:28,012 Spider.py[line:45] INFO Spider: response_list is None
2019-05-10 17:58:28,014 Spider.py[line:45] INFO Spider: response_list is None
2019-05-10 17:58:28,014 Spider.py[line:45] INFO Spider: response_list is None
2019-05-10 17:58:28,032 Spider.py[line:45] INFO Spider: response_list is None
2019-05-10 17:58:31,015 Spider.py[line:45] INFO Spider: response_list is None
2019-05-10 17:58:31,016 Spider.py[line:45] INFO Spider: response_list is None
2019-05-10 17:58:31,016 Spider.py[line:45] INFO Spider: response_list is None
2019-05-10 17:58:31,034 Spider.py[line:45] INFO Spider: response_list is None
2019-05-10 17:58:34,016 Spider.py[line:45] INFO Spider: response_list is None
2019-05-10 17:58:34,017 Spider.py[line:45] INFO Spider: response_list is None
2019-05-10 17:58:34,017 Spider.py[line:45] INFO Spider: response_list is None
2019-05-10 17:58:34,035 Spider.py[line:45] INFO Spider: response_list is None
2019-05-10 17:58:37,017 Spider.py[line:45] INFO Spider: response_list is None
2019-05-10 17:58:37,018 Spider.py[line:45] INFO Spider: response_list is None
2019-05-10 17:58:37,018 Spider.py[line:45] INFO Spider: response_list is None
2019-05-10 17:58:37,036 Spider.py[line:45] INFO Spider: response_list is None
2019-05-10 17:58:40,018 Spider.py[line:45] INFO Spider: response_list is None
2019-05-10 17:58:40,019 Spider.py[line:45] INFO Spider: response_list is None
2019-05-10 17:58:40,020 Spider.py[line:45] INFO Spider: response_list is None
2019-05-10 17:58:40,038 Spider.py[line:45] INFO Spider: response_list is None
2019-05-10 17:58:43,019 Spider.py[line:45] INFO Spider: response_list is None
2019-05-10 17:58:43,020 Spider.py[line:45] INFO Spider: response_list is None
2019-05-10 17:58:43,021 Spider.py[line:45] INFO Spider: response_list is None
2019-05-10 17:58:43,039 Spider.py[line:45] INFO Spider: response_list is None
2019-05-10 17:58:46,020 Spider.py[line:45] INFO Spider: response_list is None
2019-05-10 17:58:46,021 Spider.py[line:45] INFO Spider: response_list is None
2019-05-10 17:58:46,022 Spider.py[line:45] INFO Spider: response_list is None
2019-05-10 17:58:46,040 Spider.py[line:45] INFO Spider: response_list is None
2019-05-10 17:58:49,022 Spider.py[line:45] INFO Spider: response_list is None
2019-05-10 17:58:49,022 Spider.py[line:45] INFO Spider: response_list is None
2019-05-10 17:58:49,023 Spider.py[line:45] INFO Spider: response_list is None
2019-05-10 17:58:49,041 Spider.py[line:45] INFO Spider: response_list is None
2019-05-10 17:58:52,022 Spider.py[line:45] INFO Spider: response_list is None
2019-05-10 17:58:52,026 Spider.py[line:45] INFO Spider: response_list is None
2019-05-10 17:58:52,026 Spider.py[line:45] INFO Spider: response_list is None
2019-05-10 17:58:52,041 Spider.py[line:45] INFO Spider: response_list is None
2019-05-10 17:58:55,024 Spider.py[line:45] INFO Spider: response_list is None
2019-05-10 17:58:55,028 Spider.py[line:45] INFO Spider: response_list is None
2019-05-10 17:58:55,028 Spider.py[line:45] INFO Spider: response_list is None
2019-05-10 17:58:55,042 Spider.py[line:45] INFO Spider: response_list is None
2019-05-10 17:58:58,025 Spider.py[line:45] INFO Spider: response_list is None
2019-05-10 17:58:58,028 Spider.py[line:45] INFO Spider: response_list is None
2019-05-10 17:58:58,028 Spider.py[line:45] INFO Spider: response_list is None
2019-05-10 17:58:58,044 Spider.py[line:45] INFO Spider: response_list is None
2019-05-10 17:59:01,026 Spider.py[line:45] INFO Spider: response_list is None
2019-05-10 17:59:01,030 Spider.py[line:45] INFO Spider: response_list is None
2019-05-10 17:59:01,031 Spider.py[line:45] INFO Spider: response_list is None
2019-05-10 17:59:01,045 Spider.py[line:45] INFO Spider: response_list is None
2019-05-10 17:59:04,027 Spider.py[line:45] INFO Spider: response_list is None
2019-05-10 17:59:04,032 Spider.py[line:45] INFO Spider: response_list is None
2019-05-10 17:59:04,033 Spider.py[line:45] INFO Spider: response_list is None
2019-05-10 17:59:04,047 Spider.py[line:45] INFO Spider: response_list is None
2019-05-10 17:59:07,027 Spider.py[line:45] INFO Spider: response_list is None
2019-05-10 17:59:07,032 Spider.py[line:45] INFO Spider: response_list is None
2019-05-10 17:59:07,034 Spider.py[line:45] INFO Spider: response_list is None
2019-05-10 17:59:07,047 Spider.py[line:45] INFO Spider: response_list is None
2019-05-10 17:59:10,028 Spider.py[line:45] INFO Spider: response_list is None
2019-05-10 17:59:10,033 Spider.py[line:45] INFO Spider: response_list is None
2019-05-10 17:59:10,035 Spider.py[line:45] INFO Spider: response_list is None
2019-05-10 17:59:10,049 Spider.py[line:45] INFO Spider: response_list is None
2019-05-10 17:59:13,030 Spider.py[line:45] INFO Spider: response_list is None
2019-05-10 17:59:13,035 Spider.py[line:45] INFO Spider: response_list is None
2019-05-10 17:59:13,036 Spider.py[line:45] INFO Spider: response_list is None
2019-05-10 17:59:13,051 Spider.py[line:45] INFO Spider: response_list is None
2019-05-10 17:59:16,031 Spider.py[line:45] INFO Spider: response_list is None
2019-05-10 17:59:16,036 Spider.py[line:45] INFO Spider: response_list is None
2019-05-10 17:59:16,037 Spider.py[line:45] INFO Spider: response_list is None
2019-05-10 17:59:16,052 Spider.py[line:45] INFO Spider: response_list is None
2019-05-10 17:59:19,032 Spider.py[line:45] INFO Spider: response_list is None
2019-05-10 17:59:19,037 Spider.py[line:45] INFO Spider: response_list is None
2019-05-10 17:59:19,038 Spider.py[line:45] INFO Spider: response_list is None
2019-05-10 17:59:19,053 Spider.py[line:45] INFO Spider: response_list is None
2019-05-10 17:59:22,033 Spider.py[line:45] INFO Spider: response_list is None
2019-05-10 17:59:22,039 Spider.py[line:45] INFO Spider: response_list is None
2019-05-10 17:59:22,039 Spider.py[line:45] INFO Spider: response_list is None
2019-05-10 17:59:22,054 Spider.py[line:45] INFO Spider: response_list is None
2019-05-10 17:59:25,035 Spider.py[line:45] INFO Spider: response_list is None
2019-05-10 17:59:25,040 Spider.py[line:45] INFO Spider: response_list is None
2019-05-10 17:59:25,041 Spider.py[line:45] INFO Spider: response_list is None
2019-05-10 17:59:25,056 Spider.py[line:45] INFO Spider: response_list is None
2019-05-10 18:00:51,294 Spider.py[line:45] INFO Spider: response_list is None
2019-05-10 18:00:51,295 Spider.py[line:45] INFO Spider: response_list is None
2019-05-10 18:00:51,296 Spider.py[line:45] INFO Spider: response_list is None
2019-05-10 18:00:51,297 Spider.py[line:45] INFO Spider: response_list is None
2019-05-10 18:00:54,295 Spider.py[line:45] INFO Spider: response_list is None
2019-05-10 18:00:54,296 Spider.py[line:45] INFO Spider: response_list is None
2019-05-10 18:00:54,297 Spider.py[line:45] INFO Spider: response_list is None
2019-05-10 18:00:54,297 Spider.py[line:45] INFO Spider: response_list is None
2019-05-10 18:01:34,228 Spider.py[line:45] INFO Spider: response_list is None
2019-05-10 18:01:34,230 Spider.py[line:45] INFO Spider: response_list is None
2019-05-10 18:01:34,230 Spider.py[line:45] INFO Spider: response_list is None
2019-05-10 18:01:34,231 Spider.py[line:45] INFO Spider: response_list is None
2019-05-10 18:02:48,191 Spider.py[line:45] INFO Spider: response_list is None
2019-05-10 18:02:48,193 Spider.py[line:45] INFO Spider: response_list is None
2019-05-10 18:02:48,194 Spider.py[line:45] INFO Spider: response_list is None
2019-05-10 18:02:48,195 Spider.py[line:45] INFO Spider: response_list is None
2019-05-10 18:02:51,193 Spider.py[line:45] INFO Spider: response_list is None
2019-05-10 18:02:51,195 Spider.py[line:45] INFO Spider: response_list is None
2019-05-10 18:02:51,195 Spider.py[line:45] INFO Spider: response_list is None
2019-05-10 18:02:51,196 Spider.py[line:45] INFO Spider: response_list is None
2019-05-10 18:02:54,197 Spider.py[line:45] INFO Spider: response_list is None
2019-05-10 18:02:54,198 Spider.py[line:45] INFO Spider: response_list is None
2019-05-10 18:02:54,198 Spider.py[line:45] INFO Spider: response_list is None
2019-05-10 18:02:54,198 Spider.py[line:45] INFO Spider: response_list is None
2019-05-10 18:03:01,998 Spider.py[line:45] INFO Spider: response_list is None
2019-05-10 18:03:02,000 Spider.py[line:45] INFO Spider: response_list is None
2019-05-10 18:03:02,001 Spider.py[line:45] INFO Spider: response_list is None
2019-05-10 18:03:02,002 Spider.py[line:45] INFO Spider: response_list is None
2019-05-10 18:03:05,044 Spider.py[line:45] INFO Spider: response_list is None
2019-05-10 18:03:05,047 Spider.py[line:45] INFO Spider: response_list is None
2019-05-10 18:03:05,048 Spider.py[line:45] INFO Spider: response_list is None
2019-05-10 18:03:05,049 Spider.py[line:45] INFO Spider: response_list is None
