2019-04-27 19:00:28,655 Scheduler.py[line:115] INFO DownLoader: parse list is None
2019-04-27 19:00:31,661 Scheduler.py[line:115] INFO DownLoader: parse list is None
2019-04-27 19:00:34,879 Scheduler.py[line:83] INFO save succeed
2019-04-27 19:00:35,043 Scheduler.py[line:83] INFO save succeed
2019-04-27 19:00:35,060 Scheduler.py[line:86] DEBUG (1062, "Duplicate entry '1730336902' for key 'PRIMARY'")
2019-04-27 19:00:35,212 Scheduler.py[line:83] INFO save succeed
2019-04-27 19:00:35,216 Scheduler.py[line:115] INFO DownLoader: parse list is None
2019-04-27 19:00:38,420 Scheduler.py[line:83] INFO save succeed
2019-04-27 19:00:38,503 Scheduler.py[line:83] INFO save succeed
2019-04-27 19:00:38,508 Scheduler.py[line:115] INFO DownLoader: parse list is None
2019-04-27 19:00:41,692 Scheduler.py[line:83] INFO save succeed
2019-04-27 19:00:41,751 Scheduler.py[line:83] INFO save succeed
2019-04-27 19:00:41,849 Scheduler.py[line:83] INFO save succeed
2019-04-27 19:00:41,853 Scheduler.py[line:115] INFO DownLoader: parse list is None
2019-04-27 19:00:44,932 Scheduler.py[line:83] INFO save succeed
2019-04-27 19:00:45,006 Scheduler.py[line:83] INFO save succeed
2019-04-27 19:00:45,008 Scheduler.py[line:115] INFO DownLoader: parse list is None
2019-04-27 19:00:48,171 Scheduler.py[line:83] INFO save succeed
2019-04-27 19:00:48,239 Scheduler.py[line:83] INFO save succeed
2019-04-27 19:00:48,241 Scheduler.py[line:115] INFO DownLoader: parse list is None
2019-04-27 19:02:35,110 Scheduler.py[line:115] INFO DownLoader: parse list is None
2019-04-27 19:02:38,112 Scheduler.py[line:115] INFO DownLoader: parse list is None
2019-04-27 19:02:41,187 Scheduler.py[line:86] DEBUG (1062, "Duplicate entry '1730336902' for key 'PRIMARY'")
2019-04-27 19:02:41,324 Scheduler.py[line:83] INFO save succeed
2019-04-27 19:02:41,467 Scheduler.py[line:83] INFO save succeed
2019-04-27 19:02:41,623 Scheduler.py[line:83] INFO save succeed
2019-04-27 19:02:41,627 Scheduler.py[line:115] INFO DownLoader: parse list is None
2019-04-27 19:02:44,724 Scheduler.py[line:83] INFO save succeed
2019-04-27 19:02:45,170 Scheduler.py[line:83] INFO save succeed
2019-04-27 19:02:45,276 Scheduler.py[line:83] INFO save succeed
2019-04-27 19:02:45,279 Scheduler.py[line:115] INFO DownLoader: parse list is None
2019-04-27 19:02:48,377 Scheduler.py[line:83] INFO save succeed
2019-04-27 19:02:48,479 Scheduler.py[line:83] INFO save succeed
2019-04-27 19:02:48,501 Scheduler.py[line:115] INFO DownLoader: parse list is None
2019-04-27 19:02:51,669 Scheduler.py[line:83] INFO save succeed
2019-04-27 19:02:51,928 Scheduler.py[line:83] INFO save succeed
2019-04-27 19:02:52,057 Scheduler.py[line:83] INFO save succeed
2019-04-27 19:09:45,869 Scheduler.py[line:115] INFO DownLoader: parse list is None
2019-04-27 19:09:48,871 Scheduler.py[line:115] INFO DownLoader: parse list is None
2019-04-27 19:09:51,886 Scheduler.py[line:115] INFO DownLoader: parse list is None
2019-04-27 19:09:54,928 Scheduler.py[line:115] INFO DownLoader: parse list is None
2019-04-27 19:09:58,060 Scheduler.py[line:83] INFO save succeed
2019-04-27 19:09:58,095 Scheduler.py[line:86] DEBUG (1406, "Data too long for column 'intro' at row 1")
2019-04-27 19:09:58,113 Scheduler.py[line:115] INFO DownLoader: parse list is None
2019-04-27 19:10:01,202 Scheduler.py[line:83] INFO save succeed
2019-04-27 19:10:01,276 Scheduler.py[line:83] INFO save succeed
2019-04-27 19:10:01,281 Scheduler.py[line:115] INFO DownLoader: parse list is None
2019-04-27 19:10:04,438 Scheduler.py[line:83] INFO save succeed
2019-04-27 19:10:04,969 Scheduler.py[line:83] INFO save succeed
2019-04-27 19:10:04,975 Scheduler.py[line:115] INFO DownLoader: parse list is None
2019-04-27 19:10:08,055 Scheduler.py[line:83] INFO save succeed
2019-04-27 19:10:08,128 Scheduler.py[line:83] INFO save succeed
2019-04-27 19:10:08,188 Scheduler.py[line:83] INFO save succeed
2019-04-27 19:10:08,194 Scheduler.py[line:115] INFO DownLoader: parse list is None
2019-04-27 19:10:11,412 Scheduler.py[line:83] INFO save succeed
2019-04-27 19:10:11,484 Scheduler.py[line:83] INFO save succeed
2019-04-27 19:10:11,489 Scheduler.py[line:115] INFO DownLoader: parse list is None
2019-04-27 19:10:14,507 Scheduler.py[line:115] INFO DownLoader: parse list is None
2019-04-27 19:10:17,531 Scheduler.py[line:115] INFO DownLoader: parse list is None
2019-04-27 19:10:20,536 Scheduler.py[line:115] INFO DownLoader: parse list is None
2019-04-27 19:10:23,547 Scheduler.py[line:115] INFO DownLoader: parse list is None
2019-04-27 19:10:26,559 Scheduler.py[line:115] INFO DownLoader: parse list is None
2019-04-27 19:10:29,565 Scheduler.py[line:115] INFO DownLoader: parse list is None
2019-04-27 19:13:09,120 Scheduler.py[line:115] INFO DownLoader: parse list is None
2019-04-27 19:13:12,122 Scheduler.py[line:115] INFO DownLoader: parse list is None
2019-04-27 19:13:15,280 Scheduler.py[line:83] INFO save succeed
2019-04-27 19:13:15,383 Scheduler.py[line:83] INFO save succeed
2019-04-27 19:13:15,556 Scheduler.py[line:83] INFO save succeed
2019-04-27 19:13:15,854 Scheduler.py[line:83] INFO save succeed
2019-04-27 19:13:15,858 Scheduler.py[line:115] INFO DownLoader: parse list is None
2019-04-27 19:13:19,045 Scheduler.py[line:83] INFO save succeed
2019-04-27 19:13:19,497 Scheduler.py[line:83] INFO save succeed
2019-04-27 19:13:19,504 Scheduler.py[line:115] INFO DownLoader: parse list is None
2019-04-27 19:13:22,608 Scheduler.py[line:83] INFO save succeed
2019-04-27 19:13:22,681 Scheduler.py[line:83] INFO save succeed
2019-04-27 19:13:22,741 Scheduler.py[line:83] INFO save succeed
2019-04-27 19:13:22,748 Scheduler.py[line:115] INFO DownLoader: parse list is None
2019-04-27 19:13:26,029 Scheduler.py[line:83] INFO save succeed
2019-04-27 19:15:49,690 Scheduler.py[line:115] INFO DownLoader: parse list is None
2019-04-27 19:15:52,698 Scheduler.py[line:115] INFO DownLoader: parse list is None
2019-04-27 19:15:55,937 Scheduler.py[line:83] INFO save succeed
2019-04-27 19:17:02,446 Scheduler.py[line:115] INFO DownLoader: parse list is None
2019-04-27 19:17:05,454 Scheduler.py[line:115] INFO DownLoader: parse list is None
2019-04-27 19:17:08,538 Scheduler.py[line:86] DEBUG (1406, "Data too long for column 'intro' at row 1")
2019-04-27 19:22:17,978 Scheduler.py[line:115] INFO DownLoader: parse list is None
2019-04-27 19:22:20,980 Scheduler.py[line:115] INFO DownLoader: parse list is None
2019-04-27 19:22:24,163 Scheduler.py[line:83] INFO save succeed
2019-04-27 19:22:24,253 Scheduler.py[line:83] INFO save succeed
2019-04-27 19:22:24,266 Scheduler.py[line:86] DEBUG (1062, "Duplicate entry '1730336902' for key 'PRIMARY'")
2019-04-27 19:22:24,385 Scheduler.py[line:83] INFO save succeed
2019-04-27 19:22:24,593 Scheduler.py[line:115] INFO DownLoader: parse list is None
2019-04-27 19:22:27,724 Scheduler.py[line:83] INFO save succeed
2019-04-27 19:22:27,795 Scheduler.py[line:83] INFO save succeed
2019-04-27 19:22:27,863 Scheduler.py[line:83] INFO save succeed
2019-04-27 19:22:27,865 Scheduler.py[line:115] INFO DownLoader: parse list is None
2019-04-27 19:22:31,137 Scheduler.py[line:83] INFO save succeed
2019-04-27 19:22:31,221 Scheduler.py[line:83] INFO save succeed
2019-04-27 19:22:31,287 Scheduler.py[line:83] INFO save succeed
2019-04-27 19:22:31,293 Scheduler.py[line:115] INFO DownLoader: parse list is None
2019-04-27 19:22:34,425 Scheduler.py[line:83] INFO save succeed
2019-04-27 19:22:34,484 Scheduler.py[line:83] INFO save succeed
2019-04-27 19:22:34,487 Scheduler.py[line:115] INFO DownLoader: parse list is None
2019-04-27 19:22:37,567 Scheduler.py[line:83] INFO save succeed
2019-04-27 19:22:37,694 Scheduler.py[line:83] INFO save succeed
2019-04-27 19:22:37,949 Scheduler.py[line:83] INFO save succeed
2019-04-27 19:22:37,970 Scheduler.py[line:115] INFO DownLoader: parse list is None
2019-04-27 19:22:41,138 Scheduler.py[line:83] INFO save succeed
2019-04-27 19:22:41,264 Scheduler.py[line:83] INFO save succeed
2019-04-27 19:22:41,563 Scheduler.py[line:83] INFO save succeed
2019-04-27 19:22:41,566 Scheduler.py[line:115] INFO DownLoader: parse list is None
2019-04-27 19:22:44,744 Scheduler.py[line:83] INFO save succeed
2019-04-27 19:30:41,307 Scheduler.py[line:115] INFO DownLoader: parse list is None
2019-04-27 19:30:44,310 Scheduler.py[line:115] INFO DownLoader: parse list is None
2019-04-27 19:30:47,423 Scheduler.py[line:83] INFO save succeed
2019-04-27 19:30:47,494 Scheduler.py[line:86] DEBUG (1062, "Duplicate entry '1730336902' for key 'PRIMARY'")
2019-04-27 19:30:47,943 Scheduler.py[line:83] INFO save succeed
2019-04-27 19:30:48,017 Scheduler.py[line:83] INFO save succeed
2019-04-27 19:30:48,018 Scheduler.py[line:115] INFO DownLoader: parse list is None
2019-04-27 19:30:51,198 Scheduler.py[line:83] INFO save succeed
2019-04-27 19:30:51,314 Scheduler.py[line:83] INFO save succeed
2019-04-27 19:30:51,390 Scheduler.py[line:83] INFO save succeed
2019-04-27 19:30:51,392 Scheduler.py[line:115] INFO DownLoader: parse list is None
2019-04-27 19:30:54,622 Scheduler.py[line:83] INFO save succeed
2019-04-27 19:30:54,695 Scheduler.py[line:83] INFO save succeed
2019-04-27 19:30:54,876 Scheduler.py[line:83] INFO save succeed
2019-04-27 19:30:54,884 Scheduler.py[line:115] INFO DownLoader: parse list is None
2019-04-27 19:30:58,068 Scheduler.py[line:83] INFO save succeed
2019-04-27 19:30:58,186 Scheduler.py[line:83] INFO save succeed
2019-04-27 19:30:58,188 Scheduler.py[line:115] INFO DownLoader: parse list is None
2019-04-27 19:31:01,260 Scheduler.py[line:83] INFO save succeed
2019-04-27 19:31:01,345 Scheduler.py[line:83] INFO save succeed
2019-04-27 19:31:01,435 Scheduler.py[line:83] INFO save succeed
2019-04-27 19:31:01,436 Scheduler.py[line:115] INFO DownLoader: parse list is None
2019-04-27 19:31:04,612 Scheduler.py[line:83] INFO save succeed
2019-04-27 19:31:04,809 Scheduler.py[line:83] INFO save succeed
2019-04-27 19:31:04,971 Scheduler.py[line:83] INFO save succeed
2019-04-27 19:31:04,979 Scheduler.py[line:115] INFO DownLoader: parse list is None
2019-04-27 19:31:08,063 Scheduler.py[line:83] INFO save succeed
2019-04-27 19:31:08,064 Scheduler.py[line:115] INFO DownLoader: parse list is None
2019-04-27 19:31:11,217 Scheduler.py[line:83] INFO save succeed
2019-04-27 19:31:11,295 Scheduler.py[line:83] INFO save succeed
2019-04-27 19:31:11,297 Scheduler.py[line:115] INFO DownLoader: parse list is None
2019-04-27 19:31:14,659 Scheduler.py[line:83] INFO save succeed
2019-04-27 19:31:14,733 Scheduler.py[line:83] INFO save succeed
2019-04-27 19:31:14,792 Scheduler.py[line:83] INFO save succeed
2019-04-27 19:31:14,797 Scheduler.py[line:115] INFO DownLoader: parse list is None
2019-04-27 19:31:18,023 Scheduler.py[line:83] INFO save succeed
2019-04-27 19:31:18,082 Scheduler.py[line:83] INFO save succeed
2019-04-27 19:31:18,155 Scheduler.py[line:83] INFO save succeed
2019-04-27 19:31:18,158 Scheduler.py[line:115] INFO DownLoader: parse list is None
2019-04-27 19:31:21,264 Scheduler.py[line:83] INFO save succeed
2019-04-27 19:31:21,336 Scheduler.py[line:83] INFO save succeed
2019-04-27 19:31:21,396 Scheduler.py[line:83] INFO save succeed
2019-04-27 19:31:21,404 Scheduler.py[line:115] INFO DownLoader: parse list is None
2019-04-27 19:31:24,633 Scheduler.py[line:83] INFO save succeed
2019-04-27 19:31:24,701 Scheduler.py[line:83] INFO save succeed
2019-04-27 19:31:24,703 Scheduler.py[line:115] INFO DownLoader: parse list is None
2019-04-27 19:31:27,714 Scheduler.py[line:115] INFO DownLoader: parse list is None
2019-04-27 19:31:30,738 Scheduler.py[line:115] INFO DownLoader: parse list is None
2019-04-27 19:31:33,739 Scheduler.py[line:115] INFO DownLoader: parse list is None
2019-04-27 19:31:36,909 Scheduler.py[line:83] INFO save succeed
2019-04-27 19:31:37,243 Scheduler.py[line:115] INFO DownLoader: parse list is None
2019-04-27 19:31:40,379 Scheduler.py[line:83] INFO save succeed
2019-04-27 19:31:40,792 Scheduler.py[line:83] INFO save succeed
2019-04-27 19:31:40,852 Scheduler.py[line:83] INFO save succeed
2019-04-27 19:31:40,885 Scheduler.py[line:115] INFO DownLoader: parse list is None
2019-04-27 19:31:44,108 Scheduler.py[line:83] INFO save succeed
2019-04-27 19:31:44,221 Scheduler.py[line:83] INFO save succeed
2019-04-27 19:31:44,580 Scheduler.py[line:83] INFO save succeed
2019-04-27 19:31:44,640 Scheduler.py[line:83] INFO save succeed
2019-04-27 19:31:44,724 Scheduler.py[line:83] INFO save succeed
2019-04-27 19:31:44,725 Scheduler.py[line:115] INFO DownLoader: parse list is None
2019-04-27 19:31:47,806 Scheduler.py[line:83] INFO save succeed
2019-04-27 19:31:47,960 Scheduler.py[line:83] INFO save succeed
2019-04-27 19:31:48,049 Scheduler.py[line:83] INFO save succeed
2019-04-27 19:31:48,083 Scheduler.py[line:115] INFO DownLoader: parse list is None
2019-04-27 19:31:51,261 Scheduler.py[line:83] INFO save succeed
2019-04-27 19:31:51,367 Scheduler.py[line:83] INFO save succeed
2019-04-27 19:31:51,423 Scheduler.py[line:115] INFO DownLoader: parse list is None
2019-04-27 19:31:54,509 Scheduler.py[line:83] INFO save succeed
2019-04-27 19:31:54,598 Scheduler.py[line:83] INFO save succeed
2019-04-27 19:31:54,599 Scheduler.py[line:115] INFO DownLoader: parse list is None
2019-04-27 19:31:57,716 Scheduler.py[line:83] INFO save succeed
2019-04-27 19:31:57,806 Scheduler.py[line:83] INFO save succeed
2019-04-27 19:31:57,882 Scheduler.py[line:83] INFO save succeed
2019-04-27 19:31:57,907 Scheduler.py[line:115] INFO DownLoader: parse list is None
2019-04-27 19:32:00,964 Scheduler.py[line:83] INFO save succeed
2019-04-27 19:32:01,045 Scheduler.py[line:83] INFO save succeed
2019-04-27 19:32:01,339 Scheduler.py[line:83] INFO save succeed
2019-04-27 19:32:01,348 Scheduler.py[line:115] INFO DownLoader: parse list is None
2019-04-27 19:32:04,356 Scheduler.py[line:86] DEBUG (1406, "Data too long for column 'intro' at row 1")
2019-04-27 19:32:04,461 Scheduler.py[line:83] INFO save succeed
2019-04-27 19:32:04,486 Scheduler.py[line:115] INFO DownLoader: parse list is None
2019-04-27 19:32:07,644 Scheduler.py[line:83] INFO save succeed
2019-04-27 19:32:07,781 Scheduler.py[line:83] INFO save succeed
2019-04-27 19:32:07,785 Scheduler.py[line:115] INFO DownLoader: parse list is None
2019-04-27 19:32:10,857 Scheduler.py[line:83] INFO save succeed
2019-04-27 19:32:10,868 Scheduler.py[line:86] DEBUG (1406, "Data too long for column 'intro' at row 1")
2019-04-27 19:32:10,869 Scheduler.py[line:115] INFO DownLoader: parse list is None
2019-04-27 19:32:14,091 Scheduler.py[line:83] INFO save succeed
2019-04-27 19:32:14,179 Scheduler.py[line:115] INFO DownLoader: parse list is None
2019-04-27 19:32:17,261 Scheduler.py[line:83] INFO save succeed
2019-04-27 19:32:17,685 Scheduler.py[line:83] INFO save succeed
2019-04-27 19:32:17,794 Scheduler.py[line:83] INFO save succeed
2019-04-27 19:32:17,821 Scheduler.py[line:86] DEBUG (1406, "Data too long for column 'intro' at row 1")
2019-04-27 19:54:08,806 Scheduler.py[line:117] INFO DownLoader: parse list is None
2019-04-27 19:54:11,809 Scheduler.py[line:117] INFO DownLoader: parse list is None
2019-04-27 19:54:14,859 Scheduler.py[line:87] DEBUG (1062, "Duplicate entry '1730336902' for key 'PRIMARY'")
2019-04-27 19:54:14,901 Scheduler.py[line:117] INFO DownLoader: parse list is None
2019-04-27 19:54:17,914 Scheduler.py[line:117] INFO DownLoader: parse list is None
2019-04-27 19:54:21,099 Scheduler.py[line:84] INFO save succeed
2019-04-27 19:54:21,267 Scheduler.py[line:84] INFO save succeed
2019-04-27 19:54:21,271 Scheduler.py[line:117] INFO DownLoader: parse list is None
2019-04-27 19:54:24,340 Scheduler.py[line:84] INFO save succeed
2019-04-27 19:54:24,421 Scheduler.py[line:84] INFO save succeed
2019-04-27 19:54:24,423 Scheduler.py[line:117] INFO DownLoader: parse list is None
2019-04-27 19:54:27,489 Scheduler.py[line:84] INFO save succeed
2019-04-27 19:54:27,594 Scheduler.py[line:84] INFO save succeed
2019-04-27 19:54:27,596 Scheduler.py[line:117] INFO DownLoader: parse list is None
2019-04-27 19:54:30,765 Scheduler.py[line:84] INFO save succeed
2019-04-27 19:54:30,997 Scheduler.py[line:84] INFO save succeed
2019-04-27 19:54:31,093 Scheduler.py[line:84] INFO save succeed
2019-04-27 19:54:31,095 Scheduler.py[line:117] INFO DownLoader: parse list is None
2019-04-27 19:54:34,222 Scheduler.py[line:84] INFO save succeed
2019-04-27 19:54:34,396 Scheduler.py[line:84] INFO save succeed
2019-04-27 19:54:34,399 Scheduler.py[line:117] INFO DownLoader: parse list is None
2019-04-27 19:54:37,556 Scheduler.py[line:84] INFO save succeed
2019-04-27 19:54:37,715 Scheduler.py[line:84] INFO save succeed
2019-04-27 19:54:37,717 Scheduler.py[line:117] INFO DownLoader: parse list is None
2019-04-27 19:54:41,021 Scheduler.py[line:84] INFO save succeed
2019-04-27 19:54:41,094 Scheduler.py[line:84] INFO save succeed
2019-04-27 19:54:41,154 Scheduler.py[line:84] INFO save succeed
2019-04-27 19:54:41,157 Scheduler.py[line:117] INFO DownLoader: parse list is None
2019-04-27 19:54:44,336 Scheduler.py[line:84] INFO save succeed
2019-04-27 19:54:44,417 Scheduler.py[line:84] INFO save succeed
2019-04-27 19:54:44,421 Scheduler.py[line:117] INFO DownLoader: parse list is None
2019-04-27 19:54:47,607 Scheduler.py[line:84] INFO save succeed
2019-04-27 19:54:47,748 Scheduler.py[line:84] INFO save succeed
2019-04-27 19:54:47,817 Scheduler.py[line:84] INFO save succeed
2019-04-27 19:54:47,824 Scheduler.py[line:117] INFO DownLoader: parse list is None
2019-04-27 19:54:50,898 Scheduler.py[line:84] INFO save succeed
2019-04-27 19:54:50,980 Scheduler.py[line:84] INFO save succeed
2019-04-27 19:54:51,054 Scheduler.py[line:84] INFO save succeed
2019-04-27 19:54:51,114 Scheduler.py[line:84] INFO save succeed
2019-04-27 19:54:51,187 Scheduler.py[line:84] INFO save succeed
2019-04-27 19:54:51,191 Scheduler.py[line:117] INFO DownLoader: parse list is None
2019-04-27 19:54:54,396 Scheduler.py[line:84] INFO save succeed
2019-04-27 19:54:54,510 Scheduler.py[line:84] INFO save succeed
2019-04-27 19:54:54,512 Scheduler.py[line:117] INFO DownLoader: parse list is None
2019-04-27 19:54:57,586 Scheduler.py[line:84] INFO save succeed
2019-04-27 19:54:57,658 Scheduler.py[line:84] INFO save succeed
2019-04-27 19:54:57,661 Scheduler.py[line:117] INFO DownLoader: parse list is None
2019-04-27 19:55:00,885 Scheduler.py[line:84] INFO save succeed
2019-04-27 19:55:01,092 Scheduler.py[line:84] INFO save succeed
2019-04-27 19:55:01,165 Scheduler.py[line:84] INFO save succeed
2019-04-27 19:55:01,168 Scheduler.py[line:117] INFO DownLoader: parse list is None
2019-04-27 19:55:04,234 Scheduler.py[line:84] INFO save succeed
2019-04-27 19:55:04,358 Scheduler.py[line:84] INFO save succeed
2019-04-27 19:55:04,540 Scheduler.py[line:117] INFO DownLoader: parse list is None
2019-04-27 19:55:07,713 Scheduler.py[line:84] INFO save succeed
2019-04-27 19:55:07,796 Scheduler.py[line:84] INFO save succeed
2019-04-27 19:55:07,996 Scheduler.py[line:117] INFO DownLoader: parse list is None
2019-04-27 19:55:11,207 Scheduler.py[line:84] INFO save succeed
2019-04-27 19:55:11,341 Scheduler.py[line:84] INFO save succeed
2019-04-27 19:55:11,347 Scheduler.py[line:117] INFO DownLoader: parse list is None
2019-04-27 19:55:14,506 Scheduler.py[line:84] INFO save succeed
2019-04-27 19:55:14,566 Scheduler.py[line:84] INFO save succeed
2019-04-27 19:55:14,652 Scheduler.py[line:84] INFO save succeed
2019-04-27 19:55:14,822 Scheduler.py[line:117] INFO DownLoader: parse list is None
2019-04-27 19:55:17,997 Scheduler.py[line:84] INFO save succeed
2019-04-27 19:55:18,270 Scheduler.py[line:84] INFO save succeed
2019-04-27 19:55:18,344 Scheduler.py[line:84] INFO save succeed
2019-04-27 19:55:18,459 Scheduler.py[line:84] INFO save succeed
2019-04-27 19:55:18,462 Scheduler.py[line:117] INFO DownLoader: parse list is None
2019-04-27 19:55:21,670 Scheduler.py[line:84] INFO save succeed
2019-04-27 19:55:21,889 Scheduler.py[line:84] INFO save succeed
2019-04-27 19:55:22,126 Scheduler.py[line:84] INFO save succeed
2019-04-27 19:55:22,129 Scheduler.py[line:117] INFO DownLoader: parse list is None
2019-04-27 19:55:25,291 Scheduler.py[line:84] INFO save succeed
2019-04-27 19:55:25,371 Scheduler.py[line:84] INFO save succeed
2019-04-27 19:55:25,373 Scheduler.py[line:117] INFO DownLoader: parse list is None
2019-04-27 19:55:28,571 Scheduler.py[line:84] INFO save succeed
2019-04-27 19:55:28,680 Scheduler.py[line:84] INFO save succeed
2019-04-27 19:55:28,683 Scheduler.py[line:117] INFO DownLoader: parse list is None
2019-04-27 19:55:31,762 Scheduler.py[line:84] INFO save succeed
2019-04-27 19:55:31,843 Scheduler.py[line:84] INFO save succeed
2019-04-27 19:55:31,903 Scheduler.py[line:84] INFO save succeed
2019-04-27 19:55:31,907 Scheduler.py[line:117] INFO DownLoader: parse list is None
2019-04-27 19:55:35,002 Scheduler.py[line:84] INFO save succeed
2019-04-27 19:55:35,083 Scheduler.py[line:84] INFO save succeed
2019-04-27 19:55:35,088 Scheduler.py[line:117] INFO DownLoader: parse list is None
2019-04-27 19:55:38,240 Scheduler.py[line:84] INFO save succeed
2019-04-27 19:55:38,242 Scheduler.py[line:117] INFO DownLoader: parse list is None
2019-04-27 19:55:41,412 Scheduler.py[line:84] INFO save succeed
2019-04-27 19:55:41,473 Scheduler.py[line:84] INFO save succeed
2019-04-27 19:55:41,477 Scheduler.py[line:117] INFO DownLoader: parse list is None
2019-04-27 19:55:44,705 Scheduler.py[line:84] INFO save succeed
2019-04-27 19:55:44,786 Scheduler.py[line:84] INFO save succeed
2019-04-27 19:55:44,795 Scheduler.py[line:117] INFO DownLoader: parse list is None
2019-04-27 19:55:47,925 Scheduler.py[line:84] INFO save succeed
2019-04-27 19:55:47,986 Scheduler.py[line:84] INFO save succeed
2019-04-27 19:55:47,988 Scheduler.py[line:117] INFO DownLoader: parse list is None
2019-04-27 19:55:51,160 Scheduler.py[line:84] INFO save succeed
2019-04-27 19:55:51,593 Scheduler.py[line:84] INFO save succeed
2019-04-27 19:55:51,707 Scheduler.py[line:84] INFO save succeed
2019-04-27 19:55:51,830 Scheduler.py[line:84] INFO save succeed
2019-04-27 19:55:51,844 Scheduler.py[line:87] DEBUG (1406, "Data too long for column 'college' at row 1")
2019-04-27 19:55:51,847 Scheduler.py[line:117] INFO DownLoader: parse list is None
2019-04-27 19:55:54,998 Scheduler.py[line:84] INFO save succeed
2019-04-27 19:55:55,070 Scheduler.py[line:84] INFO save succeed
2019-04-27 19:55:55,073 Scheduler.py[line:117] INFO DownLoader: parse list is None
2019-04-27 19:55:58,251 Scheduler.py[line:84] INFO save succeed
2019-04-27 19:55:58,312 Scheduler.py[line:84] INFO save succeed
2019-04-27 19:55:58,315 Scheduler.py[line:117] INFO DownLoader: parse list is None
2019-04-27 19:56:01,369 Scheduler.py[line:84] INFO save succeed
2019-04-27 19:56:01,493 Scheduler.py[line:84] INFO save succeed
2019-04-27 19:56:01,824 Scheduler.py[line:84] INFO save succeed
2019-04-27 19:56:01,829 Scheduler.py[line:117] INFO DownLoader: parse list is None
2019-04-27 19:56:05,099 Scheduler.py[line:84] INFO save succeed
2019-04-27 19:56:05,171 Scheduler.py[line:84] INFO save succeed
2019-04-27 19:56:05,174 Scheduler.py[line:117] INFO DownLoader: parse list is None
2019-04-27 19:56:08,237 Scheduler.py[line:84] INFO save succeed
2019-04-27 19:56:08,297 Scheduler.py[line:84] INFO save succeed
2019-04-27 19:56:08,379 Scheduler.py[line:84] INFO save succeed
2019-04-27 19:56:08,593 Scheduler.py[line:117] INFO DownLoader: parse list is None
2019-04-27 19:56:11,793 Scheduler.py[line:84] INFO save succeed
2019-04-27 19:56:11,861 Scheduler.py[line:84] INFO save succeed
2019-04-27 19:56:11,865 Scheduler.py[line:117] INFO DownLoader: parse list is None
2019-04-27 19:56:14,873 Scheduler.py[line:87] DEBUG (1406, "Data too long for column 'college' at row 1")
2019-04-27 19:56:15,041 Scheduler.py[line:84] INFO save succeed
2019-04-27 19:56:15,043 Scheduler.py[line:117] INFO DownLoader: parse list is None
2019-04-27 19:56:18,236 Scheduler.py[line:84] INFO save succeed
2019-04-27 19:56:18,605 Scheduler.py[line:84] INFO save succeed
2019-04-27 19:56:18,696 Scheduler.py[line:84] INFO save succeed
2019-04-27 19:56:18,699 Scheduler.py[line:117] INFO DownLoader: parse list is None
